::1 - - [27/May/2021:06:31:43 +0000] "GET / HTTP/1.1" 200 15175 "-" "Mozilla/5.0 (X11; Linux x86_64) AppleWebKit/537.36 (KHTML, like Gecko) Chrome/90.0.4430.93 Safari/537.36 OPR/76.0.4017.123"
::1 - - [27/May/2021:06:31:43 +0000] "GET /assets/css/style.css HTTP/1.1" 200 9700 "http://localhost:3000/" "Mozilla/5.0 (X11; Linux x86_64) AppleWebKit/537.36 (KHTML, like Gecko) Chrome/90.0.4430.93 Safari/537.36 OPR/76.0.4017.123"
::1 - - [27/May/2021:06:31:43 +0000] "GET /assets/js/main.js HTTP/1.1" 200 6527 "http://localhost:3000/" "Mozilla/5.0 (X11; Linux x86_64) AppleWebKit/537.36 (KHTML, like Gecko) Chrome/90.0.4430.93 Safari/537.36 OPR/76.0.4017.123"
::1 - - [27/May/2021:06:31:43 +0000] "GET /assets/img/shopware6-certified-template-designer.png HTTP/1.1" 200 65007 "http://localhost:3000/" "Mozilla/5.0 (X11; Linux x86_64) AppleWebKit/537.36 (KHTML, like Gecko) Chrome/90.0.4430.93 Safari/537.36 OPR/76.0.4017.123"
::1 - - [27/May/2021:06:32:47 +0000] "GET / HTTP/1.1" 200 15175 "-" "Mozilla/5.0 (X11; Linux x86_64) AppleWebKit/537.36 (KHTML, like Gecko) Chrome/90.0.4430.93 Safari/537.36 OPR/76.0.4017.123"
::1 - - [27/May/2021:06:32:47 +0000] "GET /assets/css/style.css HTTP/1.1" 200 9700 "http://localhost:3000/" "Mozilla/5.0 (X11; Linux x86_64) AppleWebKit/537.36 (KHTML, like Gecko) Chrome/90.0.4430.93 Safari/537.36 OPR/76.0.4017.123"
::1 - - [27/May/2021:06:32:47 +0000] "GET /assets/js/main.js HTTP/1.1" 200 6527 "http://localhost:3000/" "Mozilla/5.0 (X11; Linux x86_64) AppleWebKit/537.36 (KHTML, like Gecko) Chrome/90.0.4430.93 Safari/537.36 OPR/76.0.4017.123"
::1 - - [27/May/2021:06:32:47 +0000] "GET /assets/img/shopware6-certified-template-designer.png HTTP/1.1" 200 65007 "http://localhost:3000/" "Mozilla/5.0 (X11; Linux x86_64) AppleWebKit/537.36 (KHTML, like Gecko) Chrome/90.0.4430.93 Safari/537.36 OPR/76.0.4017.123"
::1 - - [27/May/2021:06:33:35 +0000] "GET / HTTP/1.1" 200 15175 "-" "Mozilla/5.0 (X11; Linux x86_64) AppleWebKit/537.36 (KHTML, like Gecko) Chrome/90.0.4430.93 Safari/537.36 OPR/76.0.4017.123"
::1 - - [27/May/2021:06:33:36 +0000] "GET /assets/css/style.css HTTP/1.1" 200 9700 "http://localhost:3000/" "Mozilla/5.0 (X11; Linux x86_64) AppleWebKit/537.36 (KHTML, like Gecko) Chrome/90.0.4430.93 Safari/537.36 OPR/76.0.4017.123"
::1 - - [27/May/2021:06:33:36 +0000] "GET /assets/js/main.js HTTP/1.1" 200 6527 "http://localhost:3000/" "Mozilla/5.0 (X11; Linux x86_64) AppleWebKit/537.36 (KHTML, like Gecko) Chrome/90.0.4430.93 Safari/537.36 OPR/76.0.4017.123"
::1 - - [27/May/2021:06:33:36 +0000] "GET /assets/img/shopware6-certified-template-designer.png HTTP/1.1" 200 65007 "http://localhost:3000/" "Mozilla/5.0 (X11; Linux x86_64) AppleWebKit/537.36 (KHTML, like Gecko) Chrome/90.0.4430.93 Safari/537.36 OPR/76.0.4017.123"
::1 - - [27/May/2021:06:34:00 +0000] "GET /about HTTP/1.1" 200 6099 "http://localhost:3000/" "Mozilla/5.0 (X11; Linux x86_64) AppleWebKit/537.36 (KHTML, like Gecko) Chrome/90.0.4430.93 Safari/537.36 OPR/76.0.4017.123"
::1 - - [27/May/2021:06:34:00 +0000] "GET /assets/css/style.css HTTP/1.1" 200 9700 "http://localhost:3000/about" "Mozilla/5.0 (X11; Linux x86_64) AppleWebKit/537.36 (KHTML, like Gecko) Chrome/90.0.4430.93 Safari/537.36 OPR/76.0.4017.123"
::1 - - [27/May/2021:06:34:00 +0000] "GET /assets/js/main.js HTTP/1.1" 200 6527 "http://localhost:3000/about" "Mozilla/5.0 (X11; Linux x86_64) AppleWebKit/537.36 (KHTML, like Gecko) Chrome/90.0.4430.93 Safari/537.36 OPR/76.0.4017.123"
::1 - - [27/May/2021:06:34:00 +0000] "GET /assets/img/shopware6-certified-template-designer.png HTTP/1.1" 200 65007 "http://localhost:3000/about" "Mozilla/5.0 (X11; Linux x86_64) AppleWebKit/537.36 (KHTML, like Gecko) Chrome/90.0.4430.93 Safari/537.36 OPR/76.0.4017.123"
::1 - - [27/May/2021:06:34:26 +0000] "GET /about HTTP/1.1" 200 6115 "http://localhost:3000/" "Mozilla/5.0 (X11; Linux x86_64) AppleWebKit/537.36 (KHTML, like Gecko) Chrome/90.0.4430.93 Safari/537.36 OPR/76.0.4017.123"
::1 - - [27/May/2021:06:34:26 +0000] "GET /assets/css/style.css HTTP/1.1" 200 9700 "http://localhost:3000/about" "Mozilla/5.0 (X11; Linux x86_64) AppleWebKit/537.36 (KHTML, like Gecko) Chrome/90.0.4430.93 Safari/537.36 OPR/76.0.4017.123"
::1 - - [27/May/2021:06:34:26 +0000] "GET /assets/js/main.js HTTP/1.1" 200 6527 "http://localhost:3000/about" "Mozilla/5.0 (X11; Linux x86_64) AppleWebKit/537.36 (KHTML, like Gecko) Chrome/90.0.4430.93 Safari/537.36 OPR/76.0.4017.123"
::1 - - [27/May/2021:06:34:26 +0000] "GET /assets/img/shopware6-certified-template-designer.png HTTP/1.1" 200 65007 "http://localhost:3000/about" "Mozilla/5.0 (X11; Linux x86_64) AppleWebKit/537.36 (KHTML, like Gecko) Chrome/90.0.4430.93 Safari/537.36 OPR/76.0.4017.123"
::1 - - [27/May/2021:06:34:35 +0000] "GET /about HTTP/1.1" 200 6121 "http://localhost:3000/" "Mozilla/5.0 (X11; Linux x86_64) AppleWebKit/537.36 (KHTML, like Gecko) Chrome/90.0.4430.93 Safari/537.36 OPR/76.0.4017.123"
::1 - - [27/May/2021:06:34:35 +0000] "GET /assets/css/style.css HTTP/1.1" 200 9700 "http://localhost:3000/about" "Mozilla/5.0 (X11; Linux x86_64) AppleWebKit/537.36 (KHTML, like Gecko) Chrome/90.0.4430.93 Safari/537.36 OPR/76.0.4017.123"
::1 - - [27/May/2021:06:34:35 +0000] "GET /assets/js/main.js HTTP/1.1" 200 6527 "http://localhost:3000/about" "Mozilla/5.0 (X11; Linux x86_64) AppleWebKit/537.36 (KHTML, like Gecko) Chrome/90.0.4430.93 Safari/537.36 OPR/76.0.4017.123"
::1 - - [27/May/2021:06:34:35 +0000] "GET /assets/img/shopware6-certified-template-designer.png HTTP/1.1" 200 65007 "http://localhost:3000/about" "Mozilla/5.0 (X11; Linux x86_64) AppleWebKit/537.36 (KHTML, like Gecko) Chrome/90.0.4430.93 Safari/537.36 OPR/76.0.4017.123"
::1 - - [27/May/2021:06:34:45 +0000] "GET /about HTTP/1.1" 200 6127 "http://localhost:3000/" "Mozilla/5.0 (X11; Linux x86_64) AppleWebKit/537.36 (KHTML, like Gecko) Chrome/90.0.4430.93 Safari/537.36 OPR/76.0.4017.123"
::1 - - [27/May/2021:06:34:45 +0000] "GET /assets/css/style.css HTTP/1.1" 200 9700 "http://localhost:3000/about" "Mozilla/5.0 (X11; Linux x86_64) AppleWebKit/537.36 (KHTML, like Gecko) Chrome/90.0.4430.93 Safari/537.36 OPR/76.0.4017.123"
::1 - - [27/May/2021:06:34:45 +0000] "GET /assets/js/main.js HTTP/1.1" 200 6527 "http://localhost:3000/about" "Mozilla/5.0 (X11; Linux x86_64) AppleWebKit/537.36 (KHTML, like Gecko) Chrome/90.0.4430.93 Safari/537.36 OPR/76.0.4017.123"
::1 - - [27/May/2021:06:34:45 +0000] "GET /assets/img/shopware6-certified-template-designer.png HTTP/1.1" 200 65007 "http://localhost:3000/about" "Mozilla/5.0 (X11; Linux x86_64) AppleWebKit/537.36 (KHTML, like Gecko) Chrome/90.0.4430.93 Safari/537.36 OPR/76.0.4017.123"
::1 - - [27/May/2021:06:35:01 +0000] "GET /about HTTP/1.1" 200 6142 "http://localhost:3000/" "Mozilla/5.0 (X11; Linux x86_64) AppleWebKit/537.36 (KHTML, like Gecko) Chrome/90.0.4430.93 Safari/537.36 OPR/76.0.4017.123"
::1 - - [27/May/2021:06:35:01 +0000] "GET /assets/css/style.css HTTP/1.1" 200 9700 "http://localhost:3000/about" "Mozilla/5.0 (X11; Linux x86_64) AppleWebKit/537.36 (KHTML, like Gecko) Chrome/90.0.4430.93 Safari/537.36 OPR/76.0.4017.123"
::1 - - [27/May/2021:06:35:01 +0000] "GET /assets/js/main.js HTTP/1.1" 200 6527 "http://localhost:3000/about" "Mozilla/5.0 (X11; Linux x86_64) AppleWebKit/537.36 (KHTML, like Gecko) Chrome/90.0.4430.93 Safari/537.36 OPR/76.0.4017.123"
::1 - - [27/May/2021:06:35:01 +0000] "GET /assets/img/shopware6-certified-template-designer.png HTTP/1.1" 200 65007 "http://localhost:3000/about" "Mozilla/5.0 (X11; Linux x86_64) AppleWebKit/537.36 (KHTML, like Gecko) Chrome/90.0.4430.93 Safari/537.36 OPR/76.0.4017.123"
::1 - - [27/May/2021:06:35:08 +0000] "GET /about HTTP/1.1" 200 6150 "http://localhost:3000/" "Mozilla/5.0 (X11; Linux x86_64) AppleWebKit/537.36 (KHTML, like Gecko) Chrome/90.0.4430.93 Safari/537.36 OPR/76.0.4017.123"
::1 - - [27/May/2021:06:35:08 +0000] "GET /assets/css/style.css HTTP/1.1" 200 9700 "http://localhost:3000/about" "Mozilla/5.0 (X11; Linux x86_64) AppleWebKit/537.36 (KHTML, like Gecko) Chrome/90.0.4430.93 Safari/537.36 OPR/76.0.4017.123"
::1 - - [27/May/2021:06:35:08 +0000] "GET /assets/js/main.js HTTP/1.1" 200 6527 "http://localhost:3000/about" "Mozilla/5.0 (X11; Linux x86_64) AppleWebKit/537.36 (KHTML, like Gecko) Chrome/90.0.4430.93 Safari/537.36 OPR/76.0.4017.123"
::1 - - [27/May/2021:06:35:08 +0000] "GET /assets/img/shopware6-certified-template-designer.png HTTP/1.1" 200 65007 "http://localhost:3000/about" "Mozilla/5.0 (X11; Linux x86_64) AppleWebKit/537.36 (KHTML, like Gecko) Chrome/90.0.4430.93 Safari/537.36 OPR/76.0.4017.123"
::1 - - [27/May/2021:06:35:18 +0000] "GET /about HTTP/1.1" 200 6147 "http://localhost:3000/" "Mozilla/5.0 (X11; Linux x86_64) AppleWebKit/537.36 (KHTML, like Gecko) Chrome/90.0.4430.93 Safari/537.36 OPR/76.0.4017.123"
::1 - - [27/May/2021:06:35:18 +0000] "GET /assets/css/style.css HTTP/1.1" 200 9700 "http://localhost:3000/about" "Mozilla/5.0 (X11; Linux x86_64) AppleWebKit/537.36 (KHTML, like Gecko) Chrome/90.0.4430.93 Safari/537.36 OPR/76.0.4017.123"
::1 - - [27/May/2021:06:35:18 +0000] "GET /assets/js/main.js HTTP/1.1" 200 6527 "http://localhost:3000/about" "Mozilla/5.0 (X11; Linux x86_64) AppleWebKit/537.36 (KHTML, like Gecko) Chrome/90.0.4430.93 Safari/537.36 OPR/76.0.4017.123"
::1 - - [27/May/2021:06:35:18 +0000] "GET /assets/img/shopware6-certified-template-designer.png HTTP/1.1" 200 65007 "http://localhost:3000/about" "Mozilla/5.0 (X11; Linux x86_64) AppleWebKit/537.36 (KHTML, like Gecko) Chrome/90.0.4430.93 Safari/537.36 OPR/76.0.4017.123"
::1 - - [27/May/2021:06:36:17 +0000] "GET /about HTTP/1.1" 200 6159 "http://localhost:3000/" "Mozilla/5.0 (X11; Linux x86_64) AppleWebKit/537.36 (KHTML, like Gecko) Chrome/90.0.4430.93 Safari/537.36 OPR/76.0.4017.123"
::1 - - [27/May/2021:06:36:17 +0000] "GET /assets/css/style.css HTTP/1.1" 200 9700 "http://localhost:3000/about" "Mozilla/5.0 (X11; Linux x86_64) AppleWebKit/537.36 (KHTML, like Gecko) Chrome/90.0.4430.93 Safari/537.36 OPR/76.0.4017.123"
::1 - - [27/May/2021:06:36:17 +0000] "GET /assets/js/main.js HTTP/1.1" 200 6527 "http://localhost:3000/about" "Mozilla/5.0 (X11; Linux x86_64) AppleWebKit/537.36 (KHTML, like Gecko) Chrome/90.0.4430.93 Safari/537.36 OPR/76.0.4017.123"
::1 - - [27/May/2021:06:36:17 +0000] "GET /assets/img/shopware6-certified-template-designer.png HTTP/1.1" 200 65007 "http://localhost:3000/about" "Mozilla/5.0 (X11; Linux x86_64) AppleWebKit/537.36 (KHTML, like Gecko) Chrome/90.0.4430.93 Safari/537.36 OPR/76.0.4017.123"
::1 - - [27/May/2021:06:36:28 +0000] "GET /about HTTP/1.1" 200 6172 "http://localhost:3000/" "Mozilla/5.0 (X11; Linux x86_64) AppleWebKit/537.36 (KHTML, like Gecko) Chrome/90.0.4430.93 Safari/537.36 OPR/76.0.4017.123"
::1 - - [27/May/2021:06:36:28 +0000] "GET /assets/css/style.css HTTP/1.1" 200 9700 "http://localhost:3000/about" "Mozilla/5.0 (X11; Linux x86_64) AppleWebKit/537.36 (KHTML, like Gecko) Chrome/90.0.4430.93 Safari/537.36 OPR/76.0.4017.123"
::1 - - [27/May/2021:06:36:28 +0000] "GET /assets/js/main.js HTTP/1.1" 200 6527 "http://localhost:3000/about" "Mozilla/5.0 (X11; Linux x86_64) AppleWebKit/537.36 (KHTML, like Gecko) Chrome/90.0.4430.93 Safari/537.36 OPR/76.0.4017.123"
::1 - - [27/May/2021:06:36:28 +0000] "GET /assets/img/shopware6-certified-template-designer.png HTTP/1.1" 200 65007 "http://localhost:3000/about" "Mozilla/5.0 (X11; Linux x86_64) AppleWebKit/537.36 (KHTML, like Gecko) Chrome/90.0.4430.93 Safari/537.36 OPR/76.0.4017.123"
::1 - - [27/May/2021:06:36:44 +0000] "GET /about HTTP/1.1" 200 6172 "http://localhost:3000/" "Mozilla/5.0 (X11; Linux x86_64) AppleWebKit/537.36 (KHTML, like Gecko) Chrome/90.0.4430.93 Safari/537.36 OPR/76.0.4017.123"
::1 - - [27/May/2021:06:36:44 +0000] "GET /assets/css/style.css HTTP/1.1" 200 9700 "http://localhost:3000/about" "Mozilla/5.0 (X11; Linux x86_64) AppleWebKit/537.36 (KHTML, like Gecko) Chrome/90.0.4430.93 Safari/537.36 OPR/76.0.4017.123"
::1 - - [27/May/2021:06:36:44 +0000] "GET /assets/js/main.js HTTP/1.1" 200 6527 "http://localhost:3000/about" "Mozilla/5.0 (X11; Linux x86_64) AppleWebKit/537.36 (KHTML, like Gecko) Chrome/90.0.4430.93 Safari/537.36 OPR/76.0.4017.123"
::1 - - [27/May/2021:06:36:44 +0000] "GET /assets/img/shopware6-certified-template-designer.png HTTP/1.1" 200 65007 "http://localhost:3000/about" "Mozilla/5.0 (X11; Linux x86_64) AppleWebKit/537.36 (KHTML, like Gecko) Chrome/90.0.4430.93 Safari/537.36 OPR/76.0.4017.123"
::1 - - [27/May/2021:06:36:49 +0000] "GET /about HTTP/1.1" 200 6172 "http://localhost:3000/" "Mozilla/5.0 (X11; Linux x86_64) AppleWebKit/537.36 (KHTML, like Gecko) Chrome/90.0.4430.93 Safari/537.36 OPR/76.0.4017.123"
::1 - - [27/May/2021:06:36:49 +0000] "GET /assets/css/style.css HTTP/1.1" 200 9700 "http://localhost:3000/about" "Mozilla/5.0 (X11; Linux x86_64) AppleWebKit/537.36 (KHTML, like Gecko) Chrome/90.0.4430.93 Safari/537.36 OPR/76.0.4017.123"
::1 - - [27/May/2021:06:36:49 +0000] "GET /assets/js/main.js HTTP/1.1" 200 6527 "http://localhost:3000/about" "Mozilla/5.0 (X11; Linux x86_64) AppleWebKit/537.36 (KHTML, like Gecko) Chrome/90.0.4430.93 Safari/537.36 OPR/76.0.4017.123"
::1 - - [27/May/2021:06:36:49 +0000] "GET /assets/img/shopware6-certified-template-designer.png HTTP/1.1" 200 65007 "http://localhost:3000/about" "Mozilla/5.0 (X11; Linux x86_64) AppleWebKit/537.36 (KHTML, like Gecko) Chrome/90.0.4430.93 Safari/537.36 OPR/76.0.4017.123"
::1 - - [27/May/2021:06:37:35 +0000] "GET /about HTTP/1.1" 200 6208 "http://localhost:3000/" "Mozilla/5.0 (Linux; Android 6.0; Nexus 5 Build/MRA58N) AppleWebKit/537.36 (KHTML, like Gecko) Chrome/90.0.4430.93 Mobile Safari/537.36"
::1 - - [27/May/2021:06:37:35 +0000] "GET /assets/css/style.css HTTP/1.1" 200 9700 "http://localhost:3000/about" "Mozilla/5.0 (Linux; Android 6.0; Nexus 5 Build/MRA58N) AppleWebKit/537.36 (KHTML, like Gecko) Chrome/90.0.4430.93 Mobile Safari/537.36"
::1 - - [27/May/2021:06:37:35 +0000] "GET /assets/js/main.js HTTP/1.1" 200 6527 "http://localhost:3000/about" "Mozilla/5.0 (Linux; Android 6.0; Nexus 5 Build/MRA58N) AppleWebKit/537.36 (KHTML, like Gecko) Chrome/90.0.4430.93 Mobile Safari/537.36"
::1 - - [27/May/2021:06:37:35 +0000] "GET /assets/img/shopware6-certified-template-designer.png HTTP/1.1" 200 65007 "http://localhost:3000/about" "Mozilla/5.0 (Linux; Android 6.0; Nexus 5 Build/MRA58N) AppleWebKit/537.36 (KHTML, like Gecko) Chrome/90.0.4430.93 Mobile Safari/537.36"
::1 - - [27/May/2021:06:37:45 +0000] "GET /about HTTP/1.1" 200 6208 "http://localhost:3000/" "Mozilla/5.0 (Linux; Android 6.0; Nexus 5 Build/MRA58N) AppleWebKit/537.36 (KHTML, like Gecko) Chrome/90.0.4430.93 Mobile Safari/537.36"
::1 - - [27/May/2021:06:37:45 +0000] "GET /assets/css/style.css HTTP/1.1" 200 9700 "http://localhost:3000/about" "Mozilla/5.0 (Linux; Android 6.0; Nexus 5 Build/MRA58N) AppleWebKit/537.36 (KHTML, like Gecko) Chrome/90.0.4430.93 Mobile Safari/537.36"
::1 - - [27/May/2021:06:37:45 +0000] "GET /assets/js/main.js HTTP/1.1" 200 6527 "http://localhost:3000/about" "Mozilla/5.0 (Linux; Android 6.0; Nexus 5 Build/MRA58N) AppleWebKit/537.36 (KHTML, like Gecko) Chrome/90.0.4430.93 Mobile Safari/537.36"
::1 - - [27/May/2021:06:37:45 +0000] "GET /assets/img/shopware6-certified-template-designer.png HTTP/1.1" 200 65007 "http://localhost:3000/about" "Mozilla/5.0 (Linux; Android 6.0; Nexus 5 Build/MRA58N) AppleWebKit/537.36 (KHTML, like Gecko) Chrome/90.0.4430.93 Mobile Safari/537.36"
::1 - - [27/May/2021:06:38:05 +0000] "GET /about HTTP/1.1" 200 6248 "http://localhost:3000/" "Mozilla/5.0 (Linux; Android 6.0; Nexus 5 Build/MRA58N) AppleWebKit/537.36 (KHTML, like Gecko) Chrome/90.0.4430.93 Mobile Safari/537.36"
::1 - - [27/May/2021:06:38:05 +0000] "GET /assets/css/style.css HTTP/1.1" 200 9700 "http://localhost:3000/about" "Mozilla/5.0 (Linux; Android 6.0; Nexus 5 Build/MRA58N) AppleWebKit/537.36 (KHTML, like Gecko) Chrome/90.0.4430.93 Mobile Safari/537.36"
::1 - - [27/May/2021:06:38:06 +0000] "GET /assets/js/main.js HTTP/1.1" 200 6527 "http://localhost:3000/about" "Mozilla/5.0 (Linux; Android 6.0; Nexus 5 Build/MRA58N) AppleWebKit/537.36 (KHTML, like Gecko) Chrome/90.0.4430.93 Mobile Safari/537.36"
::1 - - [27/May/2021:06:38:06 +0000] "GET /assets/img/shopware6-certified-template-designer.png HTTP/1.1" 200 65007 "http://localhost:3000/about" "Mozilla/5.0 (Linux; Android 6.0; Nexus 5 Build/MRA58N) AppleWebKit/537.36 (KHTML, like Gecko) Chrome/90.0.4430.93 Mobile Safari/537.36"
::1 - - [27/May/2021:06:38:27 +0000] "GET / HTTP/1.1" 200 15251 "http://localhost:3000/about" "Mozilla/5.0 (Linux; Android 6.0; Nexus 5 Build/MRA58N) AppleWebKit/537.36 (KHTML, like Gecko) Chrome/90.0.4430.93 Mobile Safari/537.36"
::1 - - [27/May/2021:06:38:27 +0000] "GET /assets/css/style.css HTTP/1.1" 200 9700 "http://localhost:3000/" "Mozilla/5.0 (Linux; Android 6.0; Nexus 5 Build/MRA58N) AppleWebKit/537.36 (KHTML, like Gecko) Chrome/90.0.4430.93 Mobile Safari/537.36"
::1 - - [27/May/2021:06:38:27 +0000] "GET /assets/js/main.js HTTP/1.1" 200 6527 "http://localhost:3000/" "Mozilla/5.0 (Linux; Android 6.0; Nexus 5 Build/MRA58N) AppleWebKit/537.36 (KHTML, like Gecko) Chrome/90.0.4430.93 Mobile Safari/537.36"
::1 - - [27/May/2021:06:38:27 +0000] "GET /assets/img/shopware6-certified-template-designer.png HTTP/1.1" 200 65007 "http://localhost:3000/" "Mozilla/5.0 (Linux; Android 6.0; Nexus 5 Build/MRA58N) AppleWebKit/537.36 (KHTML, like Gecko) Chrome/90.0.4430.93 Mobile Safari/537.36"
::1 - - [27/May/2021:06:39:22 +0000] "GET / HTTP/1.1" 200 15251 "http://localhost:3000/about" "Mozilla/5.0 (X11; Linux x86_64) AppleWebKit/537.36 (KHTML, like Gecko) Chrome/90.0.4430.93 Safari/537.36 OPR/76.0.4017.123"
::1 - - [27/May/2021:06:39:22 +0000] "GET /assets/css/style.css HTTP/1.1" 200 9700 "http://localhost:3000/" "Mozilla/5.0 (X11; Linux x86_64) AppleWebKit/537.36 (KHTML, like Gecko) Chrome/90.0.4430.93 Safari/537.36 OPR/76.0.4017.123"
::1 - - [27/May/2021:06:39:22 +0000] "GET /assets/js/main.js HTTP/1.1" 200 6527 "http://localhost:3000/" "Mozilla/5.0 (X11; Linux x86_64) AppleWebKit/537.36 (KHTML, like Gecko) Chrome/90.0.4430.93 Safari/537.36 OPR/76.0.4017.123"
::1 - - [27/May/2021:06:39:22 +0000] "GET /assets/img/shopware6-certified-template-designer.png HTTP/1.1" 200 65007 "http://localhost:3000/" "Mozilla/5.0 (X11; Linux x86_64) AppleWebKit/537.36 (KHTML, like Gecko) Chrome/90.0.4430.93 Safari/537.36 OPR/76.0.4017.123"
::1 - - [27/May/2021:06:39:28 +0000] "GET / HTTP/1.1" 200 15516 "http://localhost:3000/about" "Mozilla/5.0 (X11; Linux x86_64) AppleWebKit/537.36 (KHTML, like Gecko) Chrome/90.0.4430.93 Safari/537.36 OPR/76.0.4017.123"
::1 - - [27/May/2021:06:39:28 +0000] "GET /assets/css/style.css HTTP/1.1" 200 9700 "http://localhost:3000/" "Mozilla/5.0 (X11; Linux x86_64) AppleWebKit/537.36 (KHTML, like Gecko) Chrome/90.0.4430.93 Safari/537.36 OPR/76.0.4017.123"
::1 - - [27/May/2021:06:39:28 +0000] "GET /assets/js/main.js HTTP/1.1" 200 6527 "http://localhost:3000/" "Mozilla/5.0 (X11; Linux x86_64) AppleWebKit/537.36 (KHTML, like Gecko) Chrome/90.0.4430.93 Safari/537.36 OPR/76.0.4017.123"
::1 - - [27/May/2021:06:39:28 +0000] "GET /assets/img/shopware6-certified-template-designer.png HTTP/1.1" 200 65007 "http://localhost:3000/" "Mozilla/5.0 (X11; Linux x86_64) AppleWebKit/537.36 (KHTML, like Gecko) Chrome/90.0.4430.93 Safari/537.36 OPR/76.0.4017.123"
::1 - - [27/May/2021:06:39:31 +0000] "GET /login HTTP/1.1" 500 1361 "http://localhost:3000/" "Mozilla/5.0 (X11; Linux x86_64) AppleWebKit/537.36 (KHTML, like Gecko) Chrome/90.0.4430.93 Safari/537.36 OPR/76.0.4017.123"
::1 - - [27/May/2021:06:39:50 +0000] "GET /login HTTP/1.1" 200 6440 "http://localhost:3000/" "Mozilla/5.0 (X11; Linux x86_64) AppleWebKit/537.36 (KHTML, like Gecko) Chrome/90.0.4430.93 Safari/537.36 OPR/76.0.4017.123"
::1 - - [27/May/2021:06:39:50 +0000] "GET /assets/css/style.css HTTP/1.1" 200 9700 "http://localhost:3000/login" "Mozilla/5.0 (X11; Linux x86_64) AppleWebKit/537.36 (KHTML, like Gecko) Chrome/90.0.4430.93 Safari/537.36 OPR/76.0.4017.123"
::1 - - [27/May/2021:06:39:50 +0000] "GET /assets/js/main.js HTTP/1.1" 200 6527 "http://localhost:3000/login" "Mozilla/5.0 (X11; Linux x86_64) AppleWebKit/537.36 (KHTML, like Gecko) Chrome/90.0.4430.93 Safari/537.36 OPR/76.0.4017.123"
::1 - - [27/May/2021:06:39:50 +0000] "GET /assets/img/shopware6-certified-template-designer.png HTTP/1.1" 200 65007 "http://localhost:3000/login" "Mozilla/5.0 (X11; Linux x86_64) AppleWebKit/537.36 (KHTML, like Gecko) Chrome/90.0.4430.93 Safari/537.36 OPR/76.0.4017.123"
::1 - - [27/May/2021:06:54:51 +0000] "GET / HTTP/1.1" 200 15516 "http://localhost:3000/login" "Mozilla/5.0 (X11; Linux x86_64) AppleWebKit/537.36 (KHTML, like Gecko) Chrome/90.0.4430.93 Safari/537.36 OPR/76.0.4017.123"
::1 - - [27/May/2021:06:54:51 +0000] "GET /assets/css/style.css HTTP/1.1" 200 9700 "http://localhost:3000/" "Mozilla/5.0 (X11; Linux x86_64) AppleWebKit/537.36 (KHTML, like Gecko) Chrome/90.0.4430.93 Safari/537.36 OPR/76.0.4017.123"
::1 - - [27/May/2021:06:54:51 +0000] "GET /assets/js/main.js HTTP/1.1" 200 6527 "http://localhost:3000/" "Mozilla/5.0 (X11; Linux x86_64) AppleWebKit/537.36 (KHTML, like Gecko) Chrome/90.0.4430.93 Safari/537.36 OPR/76.0.4017.123"
::1 - - [27/May/2021:06:54:51 +0000] "GET /assets/img/shopware6-certified-template-designer.png HTTP/1.1" 200 65007 "http://localhost:3000/" "Mozilla/5.0 (X11; Linux x86_64) AppleWebKit/537.36 (KHTML, like Gecko) Chrome/90.0.4430.93 Safari/537.36 OPR/76.0.4017.123"
::1 - - [27/May/2021:07:13:40 +0000] "GET / HTTP/1.1" 200 15516 "http://localhost:3000/login" "Mozilla/5.0 (X11; Linux x86_64) AppleWebKit/537.36 (KHTML, like Gecko) Chrome/90.0.4430.93 Safari/537.36 OPR/76.0.4017.123"
::1 - - [27/May/2021:07:13:40 +0000] "GET /assets/css/style.css HTTP/1.1" 200 9888 "http://localhost:3000/" "Mozilla/5.0 (X11; Linux x86_64) AppleWebKit/537.36 (KHTML, like Gecko) Chrome/90.0.4430.93 Safari/537.36 OPR/76.0.4017.123"
::1 - - [27/May/2021:07:13:40 +0000] "GET /assets/js/main.js HTTP/1.1" 200 6527 "http://localhost:3000/" "Mozilla/5.0 (X11; Linux x86_64) AppleWebKit/537.36 (KHTML, like Gecko) Chrome/90.0.4430.93 Safari/537.36 OPR/76.0.4017.123"
::1 - - [27/May/2021:07:13:40 +0000] "GET /assets/img/shopware6-certified-template-designer.png HTTP/1.1" 200 65007 "http://localhost:3000/" "Mozilla/5.0 (X11; Linux x86_64) AppleWebKit/537.36 (KHTML, like Gecko) Chrome/90.0.4430.93 Safari/537.36 OPR/76.0.4017.123"
::1 - - [27/May/2021:07:14:19 +0000] "GET / HTTP/1.1" 200 15516 "http://localhost:3000/login" "Mozilla/5.0 (X11; Linux x86_64) AppleWebKit/537.36 (KHTML, like Gecko) Chrome/90.0.4430.93 Safari/537.36 OPR/76.0.4017.123"
::1 - - [27/May/2021:07:14:19 +0000] "GET /assets/css/style.css HTTP/1.1" 200 10053 "http://localhost:3000/" "Mozilla/5.0 (X11; Linux x86_64) AppleWebKit/537.36 (KHTML, like Gecko) Chrome/90.0.4430.93 Safari/537.36 OPR/76.0.4017.123"
::1 - - [27/May/2021:07:14:19 +0000] "GET /assets/js/main.js HTTP/1.1" 200 6527 "http://localhost:3000/" "Mozilla/5.0 (X11; Linux x86_64) AppleWebKit/537.36 (KHTML, like Gecko) Chrome/90.0.4430.93 Safari/537.36 OPR/76.0.4017.123"
::1 - - [27/May/2021:07:14:19 +0000] "GET /assets/img/shopware6-certified-template-designer.png HTTP/1.1" 200 65007 "http://localhost:3000/" "Mozilla/5.0 (X11; Linux x86_64) AppleWebKit/537.36 (KHTML, like Gecko) Chrome/90.0.4430.93 Safari/537.36 OPR/76.0.4017.123"
::1 - - [27/May/2021:07:14:51 +0000] "GET / HTTP/1.1" 200 15516 "http://localhost:3000/login" "Mozilla/5.0 (X11; Linux x86_64) AppleWebKit/537.36 (KHTML, like Gecko) Chrome/90.0.4430.93 Safari/537.36 OPR/76.0.4017.123"
::1 - - [27/May/2021:07:14:51 +0000] "GET /assets/css/style.css HTTP/1.1" 200 10053 "http://localhost:3000/" "Mozilla/5.0 (X11; Linux x86_64) AppleWebKit/537.36 (KHTML, like Gecko) Chrome/90.0.4430.93 Safari/537.36 OPR/76.0.4017.123"
::1 - - [27/May/2021:07:14:51 +0000] "GET /assets/js/main.js HTTP/1.1" 200 6527 "http://localhost:3000/" "Mozilla/5.0 (X11; Linux x86_64) AppleWebKit/537.36 (KHTML, like Gecko) Chrome/90.0.4430.93 Safari/537.36 OPR/76.0.4017.123"
::1 - - [27/May/2021:07:14:51 +0000] "GET /assets/img/shopware6-certified-template-designer.png HTTP/1.1" 200 65007 "http://localhost:3000/" "Mozilla/5.0 (X11; Linux x86_64) AppleWebKit/537.36 (KHTML, like Gecko) Chrome/90.0.4430.93 Safari/537.36 OPR/76.0.4017.123"
::1 - - [27/May/2021:07:15:03 +0000] "GET / HTTP/1.1" 200 15516 "http://localhost:3000/login" "Mozilla/5.0 (X11; Linux x86_64) AppleWebKit/537.36 (KHTML, like Gecko) Chrome/90.0.4430.93 Safari/537.36 OPR/76.0.4017.123"
::1 - - [27/May/2021:07:15:03 +0000] "GET /assets/css/style.css HTTP/1.1" 200 10056 "http://localhost:3000/" "Mozilla/5.0 (X11; Linux x86_64) AppleWebKit/537.36 (KHTML, like Gecko) Chrome/90.0.4430.93 Safari/537.36 OPR/76.0.4017.123"
::1 - - [27/May/2021:07:15:03 +0000] "GET /assets/js/main.js HTTP/1.1" 200 6527 "http://localhost:3000/" "Mozilla/5.0 (X11; Linux x86_64) AppleWebKit/537.36 (KHTML, like Gecko) Chrome/90.0.4430.93 Safari/537.36 OPR/76.0.4017.123"
::1 - - [27/May/2021:07:15:03 +0000] "GET /assets/img/shopware6-certified-template-designer.png HTTP/1.1" 200 65007 "http://localhost:3000/" "Mozilla/5.0 (X11; Linux x86_64) AppleWebKit/537.36 (KHTML, like Gecko) Chrome/90.0.4430.93 Safari/537.36 OPR/76.0.4017.123"
::1 - - [27/May/2021:07:17:33 +0000] "GET / HTTP/1.1" 200 15516 "http://localhost:3000/login" "Mozilla/5.0 (X11; Linux x86_64) AppleWebKit/537.36 (KHTML, like Gecko) Chrome/90.0.4430.93 Safari/537.36 OPR/76.0.4017.123"
::1 - - [27/May/2021:07:17:33 +0000] "GET /assets/css/style.css HTTP/1.1" 200 10064 "http://localhost:3000/" "Mozilla/5.0 (X11; Linux x86_64) AppleWebKit/537.36 (KHTML, like Gecko) Chrome/90.0.4430.93 Safari/537.36 OPR/76.0.4017.123"
::1 - - [27/May/2021:07:17:33 +0000] "GET /assets/js/main.js HTTP/1.1" 200 6527 "http://localhost:3000/" "Mozilla/5.0 (X11; Linux x86_64) AppleWebKit/537.36 (KHTML, like Gecko) Chrome/90.0.4430.93 Safari/537.36 OPR/76.0.4017.123"
::1 - - [27/May/2021:07:17:33 +0000] "GET /assets/img/shopware6-certified-template-designer.png HTTP/1.1" 200 65007 "http://localhost:3000/" "Mozilla/5.0 (X11; Linux x86_64) AppleWebKit/537.36 (KHTML, like Gecko) Chrome/90.0.4430.93 Safari/537.36 OPR/76.0.4017.123"
::1 - - [27/May/2021:07:18:06 +0000] "GET / HTTP/1.1" 200 15516 "http://localhost:3000/login" "Mozilla/5.0 (X11; Linux x86_64) AppleWebKit/537.36 (KHTML, like Gecko) Chrome/90.0.4430.93 Safari/537.36 OPR/76.0.4017.123"
::1 - - [27/May/2021:07:18:06 +0000] "GET /assets/css/style.css HTTP/1.1" 200 10107 "http://localhost:3000/" "Mozilla/5.0 (X11; Linux x86_64) AppleWebKit/537.36 (KHTML, like Gecko) Chrome/90.0.4430.93 Safari/537.36 OPR/76.0.4017.123"
::1 - - [27/May/2021:07:18:06 +0000] "GET /assets/js/main.js HTTP/1.1" 200 6527 "http://localhost:3000/" "Mozilla/5.0 (X11; Linux x86_64) AppleWebKit/537.36 (KHTML, like Gecko) Chrome/90.0.4430.93 Safari/537.36 OPR/76.0.4017.123"
::1 - - [27/May/2021:07:18:06 +0000] "GET /assets/img/shopware6-certified-template-designer.png HTTP/1.1" 200 65007 "http://localhost:3000/" "Mozilla/5.0 (X11; Linux x86_64) AppleWebKit/537.36 (KHTML, like Gecko) Chrome/90.0.4430.93 Safari/537.36 OPR/76.0.4017.123"
::1 - - [27/May/2021:07:18:12 +0000] "GET / HTTP/1.1" 200 15516 "http://localhost:3000/login" "Mozilla/5.0 (X11; Linux x86_64) AppleWebKit/537.36 (KHTML, like Gecko) Chrome/90.0.4430.93 Safari/537.36 OPR/76.0.4017.123"
::1 - - [27/May/2021:07:18:12 +0000] "GET /assets/css/style.css HTTP/1.1" 200 10110 "http://localhost:3000/" "Mozilla/5.0 (X11; Linux x86_64) AppleWebKit/537.36 (KHTML, like Gecko) Chrome/90.0.4430.93 Safari/537.36 OPR/76.0.4017.123"
::1 - - [27/May/2021:07:18:12 +0000] "GET /assets/js/main.js HTTP/1.1" 200 6527 "http://localhost:3000/" "Mozilla/5.0 (X11; Linux x86_64) AppleWebKit/537.36 (KHTML, like Gecko) Chrome/90.0.4430.93 Safari/537.36 OPR/76.0.4017.123"
::1 - - [27/May/2021:07:18:12 +0000] "GET /assets/img/shopware6-certified-template-designer.png HTTP/1.1" 200 65007 "http://localhost:3000/" "Mozilla/5.0 (X11; Linux x86_64) AppleWebKit/537.36 (KHTML, like Gecko) Chrome/90.0.4430.93 Safari/537.36 OPR/76.0.4017.123"
::1 - - [27/May/2021:07:18:18 +0000] "GET / HTTP/1.1" 200 15516 "http://localhost:3000/login" "Mozilla/5.0 (X11; Linux x86_64) AppleWebKit/537.36 (KHTML, like Gecko) Chrome/90.0.4430.93 Safari/537.36 OPR/76.0.4017.123"
::1 - - [27/May/2021:07:18:18 +0000] "GET /assets/css/style.css HTTP/1.1" 200 10113 "http://localhost:3000/" "Mozilla/5.0 (X11; Linux x86_64) AppleWebKit/537.36 (KHTML, like Gecko) Chrome/90.0.4430.93 Safari/537.36 OPR/76.0.4017.123"
::1 - - [27/May/2021:07:18:18 +0000] "GET /assets/js/main.js HTTP/1.1" 200 6527 "http://localhost:3000/" "Mozilla/5.0 (X11; Linux x86_64) AppleWebKit/537.36 (KHTML, like Gecko) Chrome/90.0.4430.93 Safari/537.36 OPR/76.0.4017.123"
::1 - - [27/May/2021:07:18:18 +0000] "GET /assets/img/shopware6-certified-template-designer.png HTTP/1.1" 200 65007 "http://localhost:3000/" "Mozilla/5.0 (X11; Linux x86_64) AppleWebKit/537.36 (KHTML, like Gecko) Chrome/90.0.4430.93 Safari/537.36 OPR/76.0.4017.123"
::1 - - [27/May/2021:07:18:24 +0000] "GET / HTTP/1.1" 200 15516 "http://localhost:3000/login" "Mozilla/5.0 (X11; Linux x86_64) AppleWebKit/537.36 (KHTML, like Gecko) Chrome/90.0.4430.93 Safari/537.36 OPR/76.0.4017.123"
::1 - - [27/May/2021:07:18:24 +0000] "GET /assets/css/style.css HTTP/1.1" 200 10114 "http://localhost:3000/" "Mozilla/5.0 (X11; Linux x86_64) AppleWebKit/537.36 (KHTML, like Gecko) Chrome/90.0.4430.93 Safari/537.36 OPR/76.0.4017.123"
::1 - - [27/May/2021:07:18:24 +0000] "GET /assets/js/main.js HTTP/1.1" 200 6527 "http://localhost:3000/" "Mozilla/5.0 (X11; Linux x86_64) AppleWebKit/537.36 (KHTML, like Gecko) Chrome/90.0.4430.93 Safari/537.36 OPR/76.0.4017.123"
::1 - - [27/May/2021:07:18:24 +0000] "GET /assets/img/shopware6-certified-template-designer.png HTTP/1.1" 200 65007 "http://localhost:3000/" "Mozilla/5.0 (X11; Linux x86_64) AppleWebKit/537.36 (KHTML, like Gecko) Chrome/90.0.4430.93 Safari/537.36 OPR/76.0.4017.123"
::1 - - [27/May/2021:07:20:05 +0000] "GET / HTTP/1.1" 200 15516 "http://localhost:3000/login" "Mozilla/5.0 (X11; Linux x86_64) AppleWebKit/537.36 (KHTML, like Gecko) Chrome/90.0.4430.93 Safari/537.36 OPR/76.0.4017.123"
::1 - - [27/May/2021:07:20:05 +0000] "GET /assets/css/style.css HTTP/1.1" 200 10114 "http://localhost:3000/" "Mozilla/5.0 (X11; Linux x86_64) AppleWebKit/537.36 (KHTML, like Gecko) Chrome/90.0.4430.93 Safari/537.36 OPR/76.0.4017.123"
::1 - - [27/May/2021:07:20:05 +0000] "GET /assets/js/main.js HTTP/1.1" 200 6540 "http://localhost:3000/" "Mozilla/5.0 (X11; Linux x86_64) AppleWebKit/537.36 (KHTML, like Gecko) Chrome/90.0.4430.93 Safari/537.36 OPR/76.0.4017.123"
::1 - - [27/May/2021:07:20:05 +0000] "GET /assets/img/shopware6-certified-template-designer.png HTTP/1.1" 200 65007 "http://localhost:3000/" "Mozilla/5.0 (X11; Linux x86_64) AppleWebKit/537.36 (KHTML, like Gecko) Chrome/90.0.4430.93 Safari/537.36 OPR/76.0.4017.123"
::1 - - [27/May/2021:07:20:27 +0000] "GET / HTTP/1.1" 200 15516 "http://localhost:3000/login" "Mozilla/5.0 (X11; Linux x86_64) AppleWebKit/537.36 (KHTML, like Gecko) Chrome/90.0.4430.93 Safari/537.36 OPR/76.0.4017.123"
::1 - - [27/May/2021:07:20:27 +0000] "GET /assets/css/style.css HTTP/1.1" 200 10114 "http://localhost:3000/" "Mozilla/5.0 (X11; Linux x86_64) AppleWebKit/537.36 (KHTML, like Gecko) Chrome/90.0.4430.93 Safari/537.36 OPR/76.0.4017.123"
::1 - - [27/May/2021:07:20:27 +0000] "GET /assets/js/main.js HTTP/1.1" 200 6542 "http://localhost:3000/" "Mozilla/5.0 (X11; Linux x86_64) AppleWebKit/537.36 (KHTML, like Gecko) Chrome/90.0.4430.93 Safari/537.36 OPR/76.0.4017.123"
::1 - - [27/May/2021:07:20:27 +0000] "GET /assets/img/shopware6-certified-template-designer.png HTTP/1.1" 200 65007 "http://localhost:3000/" "Mozilla/5.0 (X11; Linux x86_64) AppleWebKit/537.36 (KHTML, like Gecko) Chrome/90.0.4430.93 Safari/537.36 OPR/76.0.4017.123"
::1 - - [27/May/2021:07:20:43 +0000] "GET / HTTP/1.1" 200 15516 "http://localhost:3000/login" "Mozilla/5.0 (X11; Linux x86_64) AppleWebKit/537.36 (KHTML, like Gecko) Chrome/90.0.4430.93 Safari/537.36 OPR/76.0.4017.123"
::1 - - [27/May/2021:07:20:43 +0000] "GET /assets/css/style.css HTTP/1.1" 200 10114 "http://localhost:3000/" "Mozilla/5.0 (X11; Linux x86_64) AppleWebKit/537.36 (KHTML, like Gecko) Chrome/90.0.4430.93 Safari/537.36 OPR/76.0.4017.123"
::1 - - [27/May/2021:07:20:43 +0000] "GET /assets/js/main.js HTTP/1.1" 200 6568 "http://localhost:3000/" "Mozilla/5.0 (X11; Linux x86_64) AppleWebKit/537.36 (KHTML, like Gecko) Chrome/90.0.4430.93 Safari/537.36 OPR/76.0.4017.123"
::1 - - [27/May/2021:07:20:43 +0000] "GET /assets/img/shopware6-certified-template-designer.png HTTP/1.1" 200 65007 "http://localhost:3000/" "Mozilla/5.0 (X11; Linux x86_64) AppleWebKit/537.36 (KHTML, like Gecko) Chrome/90.0.4430.93 Safari/537.36 OPR/76.0.4017.123"
::1 - - [27/May/2021:07:20:54 +0000] "GET / HTTP/1.1" 200 15516 "http://localhost:3000/login" "Mozilla/5.0 (X11; Linux x86_64) AppleWebKit/537.36 (KHTML, like Gecko) Chrome/90.0.4430.93 Safari/537.36 OPR/76.0.4017.123"
::1 - - [27/May/2021:07:20:54 +0000] "GET /assets/css/style.css HTTP/1.1" 200 10114 "http://localhost:3000/" "Mozilla/5.0 (X11; Linux x86_64) AppleWebKit/537.36 (KHTML, like Gecko) Chrome/90.0.4430.93 Safari/537.36 OPR/76.0.4017.123"
::1 - - [27/May/2021:07:20:54 +0000] "GET /assets/js/main.js HTTP/1.1" 200 6559 "http://localhost:3000/" "Mozilla/5.0 (X11; Linux x86_64) AppleWebKit/537.36 (KHTML, like Gecko) Chrome/90.0.4430.93 Safari/537.36 OPR/76.0.4017.123"
::1 - - [27/May/2021:07:20:54 +0000] "GET /assets/img/shopware6-certified-template-designer.png HTTP/1.1" 200 65007 "http://localhost:3000/" "Mozilla/5.0 (X11; Linux x86_64) AppleWebKit/537.36 (KHTML, like Gecko) Chrome/90.0.4430.93 Safari/537.36 OPR/76.0.4017.123"
::1 - - [27/May/2021:07:21:19 +0000] "GET / HTTP/1.1" 200 15516 "http://localhost:3000/login" "Mozilla/5.0 (X11; Linux x86_64) AppleWebKit/537.36 (KHTML, like Gecko) Chrome/90.0.4430.93 Safari/537.36 OPR/76.0.4017.123"
::1 - - [27/May/2021:07:21:19 +0000] "GET /assets/css/style.css HTTP/1.1" 200 10114 "http://localhost:3000/" "Mozilla/5.0 (X11; Linux x86_64) AppleWebKit/537.36 (KHTML, like Gecko) Chrome/90.0.4430.93 Safari/537.36 OPR/76.0.4017.123"
::1 - - [27/May/2021:07:21:19 +0000] "GET /assets/js/main.js HTTP/1.1" 200 6559 "http://localhost:3000/" "Mozilla/5.0 (X11; Linux x86_64) AppleWebKit/537.36 (KHTML, like Gecko) Chrome/90.0.4430.93 Safari/537.36 OPR/76.0.4017.123"
::1 - - [27/May/2021:07:21:19 +0000] "GET /assets/img/shopware6-certified-template-designer.png HTTP/1.1" 200 65007 "http://localhost:3000/" "Mozilla/5.0 (X11; Linux x86_64) AppleWebKit/537.36 (KHTML, like Gecko) Chrome/90.0.4430.93 Safari/537.36 OPR/76.0.4017.123"
::1 - - [27/May/2021:07:22:08 +0000] "GET / HTTP/1.1" 200 15516 "http://localhost:3000/login" "Mozilla/5.0 (X11; Linux x86_64) AppleWebKit/537.36 (KHTML, like Gecko) Chrome/90.0.4430.93 Safari/537.36 OPR/76.0.4017.123"
::1 - - [27/May/2021:07:22:08 +0000] "GET /assets/css/style.css HTTP/1.1" 200 10114 "http://localhost:3000/" "Mozilla/5.0 (X11; Linux x86_64) AppleWebKit/537.36 (KHTML, like Gecko) Chrome/90.0.4430.93 Safari/537.36 OPR/76.0.4017.123"
::1 - - [27/May/2021:07:22:08 +0000] "GET /assets/js/main.js HTTP/1.1" 200 6667 "http://localhost:3000/" "Mozilla/5.0 (X11; Linux x86_64) AppleWebKit/537.36 (KHTML, like Gecko) Chrome/90.0.4430.93 Safari/537.36 OPR/76.0.4017.123"
::1 - - [27/May/2021:07:22:08 +0000] "GET /assets/img/shopware6-certified-template-designer.png HTTP/1.1" 200 65007 "http://localhost:3000/" "Mozilla/5.0 (X11; Linux x86_64) AppleWebKit/537.36 (KHTML, like Gecko) Chrome/90.0.4430.93 Safari/537.36 OPR/76.0.4017.123"
::1 - - [27/May/2021:07:22:25 +0000] "GET / HTTP/1.1" 200 15516 "http://localhost:3000/login" "Mozilla/5.0 (X11; Linux x86_64) AppleWebKit/537.36 (KHTML, like Gecko) Chrome/90.0.4430.93 Safari/537.36 OPR/76.0.4017.123"
::1 - - [27/May/2021:07:22:26 +0000] "GET /assets/css/style.css HTTP/1.1" 200 10114 "http://localhost:3000/" "Mozilla/5.0 (X11; Linux x86_64) AppleWebKit/537.36 (KHTML, like Gecko) Chrome/90.0.4430.93 Safari/537.36 OPR/76.0.4017.123"
::1 - - [27/May/2021:07:22:26 +0000] "GET /assets/js/main.js HTTP/1.1" 200 6665 "http://localhost:3000/" "Mozilla/5.0 (X11; Linux x86_64) AppleWebKit/537.36 (KHTML, like Gecko) Chrome/90.0.4430.93 Safari/537.36 OPR/76.0.4017.123"
::1 - - [27/May/2021:07:22:26 +0000] "GET /assets/img/shopware6-certified-template-designer.png HTTP/1.1" 200 65007 "http://localhost:3000/" "Mozilla/5.0 (X11; Linux x86_64) AppleWebKit/537.36 (KHTML, like Gecko) Chrome/90.0.4430.93 Safari/537.36 OPR/76.0.4017.123"
::1 - - [27/May/2021:07:22:32 +0000] "GET / HTTP/1.1" 200 15516 "http://localhost:3000/login" "Mozilla/5.0 (X11; Linux x86_64) AppleWebKit/537.36 (KHTML, like Gecko) Chrome/90.0.4430.93 Safari/537.36 OPR/76.0.4017.123"
::1 - - [27/May/2021:07:22:32 +0000] "GET /assets/css/style.css HTTP/1.1" 200 10114 "http://localhost:3000/" "Mozilla/5.0 (X11; Linux x86_64) AppleWebKit/537.36 (KHTML, like Gecko) Chrome/90.0.4430.93 Safari/537.36 OPR/76.0.4017.123"
::1 - - [27/May/2021:07:22:32 +0000] "GET /assets/js/main.js HTTP/1.1" 200 6665 "http://localhost:3000/" "Mozilla/5.0 (X11; Linux x86_64) AppleWebKit/537.36 (KHTML, like Gecko) Chrome/90.0.4430.93 Safari/537.36 OPR/76.0.4017.123"
::1 - - [27/May/2021:07:22:32 +0000] "GET /assets/img/shopware6-certified-template-designer.png HTTP/1.1" 200 65007 "http://localhost:3000/" "Mozilla/5.0 (X11; Linux x86_64) AppleWebKit/537.36 (KHTML, like Gecko) Chrome/90.0.4430.93 Safari/537.36 OPR/76.0.4017.123"
::1 - - [27/May/2021:07:22:54 +0000] "GET / HTTP/1.1" 200 15516 "http://localhost:3000/login" "Mozilla/5.0 (X11; Linux x86_64) AppleWebKit/537.36 (KHTML, like Gecko) Chrome/90.0.4430.93 Safari/537.36 OPR/76.0.4017.123"
::1 - - [27/May/2021:07:22:54 +0000] "GET /assets/css/style.css HTTP/1.1" 200 10114 "http://localhost:3000/" "Mozilla/5.0 (X11; Linux x86_64) AppleWebKit/537.36 (KHTML, like Gecko) Chrome/90.0.4430.93 Safari/537.36 OPR/76.0.4017.123"
::1 - - [27/May/2021:07:22:54 +0000] "GET /assets/js/main.js HTTP/1.1" 200 6663 "http://localhost:3000/" "Mozilla/5.0 (X11; Linux x86_64) AppleWebKit/537.36 (KHTML, like Gecko) Chrome/90.0.4430.93 Safari/537.36 OPR/76.0.4017.123"
::1 - - [27/May/2021:07:22:54 +0000] "GET /assets/img/shopware6-certified-template-designer.png HTTP/1.1" 200 65007 "http://localhost:3000/" "Mozilla/5.0 (X11; Linux x86_64) AppleWebKit/537.36 (KHTML, like Gecko) Chrome/90.0.4430.93 Safari/537.36 OPR/76.0.4017.123"
::1 - - [27/May/2021:07:23:51 +0000] "GET / HTTP/1.1" 200 15516 "http://localhost:3000/login" "Mozilla/5.0 (X11; Linux x86_64) AppleWebKit/537.36 (KHTML, like Gecko) Chrome/90.0.4430.93 Safari/537.36 OPR/76.0.4017.123"
::1 - - [27/May/2021:07:23:51 +0000] "GET /assets/css/style.css HTTP/1.1" 200 10114 "http://localhost:3000/" "Mozilla/5.0 (X11; Linux x86_64) AppleWebKit/537.36 (KHTML, like Gecko) Chrome/90.0.4430.93 Safari/537.36 OPR/76.0.4017.123"
::1 - - [27/May/2021:07:23:51 +0000] "GET /assets/js/main.js HTTP/1.1" 200 6700 "http://localhost:3000/" "Mozilla/5.0 (X11; Linux x86_64) AppleWebKit/537.36 (KHTML, like Gecko) Chrome/90.0.4430.93 Safari/537.36 OPR/76.0.4017.123"
::1 - - [27/May/2021:07:23:51 +0000] "GET /assets/img/shopware6-certified-template-designer.png HTTP/1.1" 200 65007 "http://localhost:3000/" "Mozilla/5.0 (X11; Linux x86_64) AppleWebKit/537.36 (KHTML, like Gecko) Chrome/90.0.4430.93 Safari/537.36 OPR/76.0.4017.123"
::1 - - [27/May/2021:07:24:52 +0000] "GET / HTTP/1.1" 200 15516 "http://localhost:3000/login" "Mozilla/5.0 (X11; Linux x86_64) AppleWebKit/537.36 (KHTML, like Gecko) Chrome/90.0.4430.93 Safari/537.36 OPR/76.0.4017.123"
::1 - - [27/May/2021:07:24:52 +0000] "GET /assets/css/style.css HTTP/1.1" 200 10114 "http://localhost:3000/" "Mozilla/5.0 (X11; Linux x86_64) AppleWebKit/537.36 (KHTML, like Gecko) Chrome/90.0.4430.93 Safari/537.36 OPR/76.0.4017.123"
::1 - - [27/May/2021:07:24:52 +0000] "GET /assets/js/main.js HTTP/1.1" 200 6725 "http://localhost:3000/" "Mozilla/5.0 (X11; Linux x86_64) AppleWebKit/537.36 (KHTML, like Gecko) Chrome/90.0.4430.93 Safari/537.36 OPR/76.0.4017.123"
::1 - - [27/May/2021:07:24:52 +0000] "GET /assets/img/shopware6-certified-template-designer.png HTTP/1.1" 200 65007 "http://localhost:3000/" "Mozilla/5.0 (X11; Linux x86_64) AppleWebKit/537.36 (KHTML, like Gecko) Chrome/90.0.4430.93 Safari/537.36 OPR/76.0.4017.123"
::1 - - [27/May/2021:07:25:00 +0000] "GET / HTTP/1.1" 200 15516 "http://localhost:3000/login" "Mozilla/5.0 (X11; Linux x86_64) AppleWebKit/537.36 (KHTML, like Gecko) Chrome/90.0.4430.93 Safari/537.36 OPR/76.0.4017.123"
::1 - - [27/May/2021:07:25:00 +0000] "GET /assets/css/style.css HTTP/1.1" 200 10114 "http://localhost:3000/" "Mozilla/5.0 (X11; Linux x86_64) AppleWebKit/537.36 (KHTML, like Gecko) Chrome/90.0.4430.93 Safari/537.36 OPR/76.0.4017.123"
::1 - - [27/May/2021:07:25:00 +0000] "GET /assets/js/main.js HTTP/1.1" 200 6732 "http://localhost:3000/" "Mozilla/5.0 (X11; Linux x86_64) AppleWebKit/537.36 (KHTML, like Gecko) Chrome/90.0.4430.93 Safari/537.36 OPR/76.0.4017.123"
::1 - - [27/May/2021:07:25:00 +0000] "GET /assets/img/shopware6-certified-template-designer.png HTTP/1.1" 200 65007 "http://localhost:3000/" "Mozilla/5.0 (X11; Linux x86_64) AppleWebKit/537.36 (KHTML, like Gecko) Chrome/90.0.4430.93 Safari/537.36 OPR/76.0.4017.123"
::1 - - [27/May/2021:07:25:13 +0000] "GET / HTTP/1.1" 200 15516 "http://localhost:3000/login" "Mozilla/5.0 (X11; Linux x86_64) AppleWebKit/537.36 (KHTML, like Gecko) Chrome/90.0.4430.93 Safari/537.36 OPR/76.0.4017.123"
::1 - - [27/May/2021:07:25:13 +0000] "GET /assets/css/style.css HTTP/1.1" 200 10114 "http://localhost:3000/" "Mozilla/5.0 (X11; Linux x86_64) AppleWebKit/537.36 (KHTML, like Gecko) Chrome/90.0.4430.93 Safari/537.36 OPR/76.0.4017.123"
::1 - - [27/May/2021:07:25:13 +0000] "GET /assets/js/main.js HTTP/1.1" 200 6801 "http://localhost:3000/" "Mozilla/5.0 (X11; Linux x86_64) AppleWebKit/537.36 (KHTML, like Gecko) Chrome/90.0.4430.93 Safari/537.36 OPR/76.0.4017.123"
::1 - - [27/May/2021:07:25:13 +0000] "GET /assets/img/shopware6-certified-template-designer.png HTTP/1.1" 200 65007 "http://localhost:3000/" "Mozilla/5.0 (X11; Linux x86_64) AppleWebKit/537.36 (KHTML, like Gecko) Chrome/90.0.4430.93 Safari/537.36 OPR/76.0.4017.123"
::1 - - [27/May/2021:07:26:11 +0000] "GET / HTTP/1.1" 200 15516 "http://localhost:3000/login" "Mozilla/5.0 (X11; Linux x86_64) AppleWebKit/537.36 (KHTML, like Gecko) Chrome/90.0.4430.93 Safari/537.36 OPR/76.0.4017.123"
::1 - - [27/May/2021:07:26:11 +0000] "GET /assets/css/style.css HTTP/1.1" 200 10114 "http://localhost:3000/" "Mozilla/5.0 (X11; Linux x86_64) AppleWebKit/537.36 (KHTML, like Gecko) Chrome/90.0.4430.93 Safari/537.36 OPR/76.0.4017.123"
::1 - - [27/May/2021:07:26:11 +0000] "GET /assets/js/main.js HTTP/1.1" 200 6818 "http://localhost:3000/" "Mozilla/5.0 (X11; Linux x86_64) AppleWebKit/537.36 (KHTML, like Gecko) Chrome/90.0.4430.93 Safari/537.36 OPR/76.0.4017.123"
::1 - - [27/May/2021:07:26:11 +0000] "GET /assets/img/shopware6-certified-template-designer.png HTTP/1.1" 200 65007 "http://localhost:3000/" "Mozilla/5.0 (X11; Linux x86_64) AppleWebKit/537.36 (KHTML, like Gecko) Chrome/90.0.4430.93 Safari/537.36 OPR/76.0.4017.123"
::1 - - [27/May/2021:07:26:27 +0000] "GET / HTTP/1.1" 200 15516 "http://localhost:3000/login" "Mozilla/5.0 (X11; Linux x86_64) AppleWebKit/537.36 (KHTML, like Gecko) Chrome/90.0.4430.93 Safari/537.36 OPR/76.0.4017.123"
::1 - - [27/May/2021:07:26:27 +0000] "GET /assets/css/style.css HTTP/1.1" 200 10114 "http://localhost:3000/" "Mozilla/5.0 (X11; Linux x86_64) AppleWebKit/537.36 (KHTML, like Gecko) Chrome/90.0.4430.93 Safari/537.36 OPR/76.0.4017.123"
::1 - - [27/May/2021:07:26:27 +0000] "GET /assets/js/main.js HTTP/1.1" 200 6818 "http://localhost:3000/" "Mozilla/5.0 (X11; Linux x86_64) AppleWebKit/537.36 (KHTML, like Gecko) Chrome/90.0.4430.93 Safari/537.36 OPR/76.0.4017.123"
::1 - - [27/May/2021:07:26:27 +0000] "GET /assets/img/shopware6-certified-template-designer.png HTTP/1.1" 200 65007 "http://localhost:3000/" "Mozilla/5.0 (X11; Linux x86_64) AppleWebKit/537.36 (KHTML, like Gecko) Chrome/90.0.4430.93 Safari/537.36 OPR/76.0.4017.123"
::1 - - [27/May/2021:07:26:32 +0000] "GET / HTTP/1.1" 200 15516 "http://localhost:3000/login" "Mozilla/5.0 (X11; Linux x86_64) AppleWebKit/537.36 (KHTML, like Gecko) Chrome/90.0.4430.93 Safari/537.36 OPR/76.0.4017.123"
::1 - - [27/May/2021:07:26:32 +0000] "GET /assets/css/style.css HTTP/1.1" 200 10114 "http://localhost:3000/" "Mozilla/5.0 (X11; Linux x86_64) AppleWebKit/537.36 (KHTML, like Gecko) Chrome/90.0.4430.93 Safari/537.36 OPR/76.0.4017.123"
::1 - - [27/May/2021:07:26:32 +0000] "GET /assets/js/main.js HTTP/1.1" 200 6818 "http://localhost:3000/" "Mozilla/5.0 (X11; Linux x86_64) AppleWebKit/537.36 (KHTML, like Gecko) Chrome/90.0.4430.93 Safari/537.36 OPR/76.0.4017.123"
::1 - - [27/May/2021:07:26:32 +0000] "GET /assets/img/shopware6-certified-template-designer.png HTTP/1.1" 200 65007 "http://localhost:3000/" "Mozilla/5.0 (X11; Linux x86_64) AppleWebKit/537.36 (KHTML, like Gecko) Chrome/90.0.4430.93 Safari/537.36 OPR/76.0.4017.123"
::1 - - [27/May/2021:07:26:35 +0000] "GET /privacy HTTP/1.1" 404 146 "-" "Mozilla/5.0 (X11; Linux x86_64) AppleWebKit/537.36 (KHTML, like Gecko) Chrome/90.0.4430.93 Safari/537.36 OPR/76.0.4017.123"
::1 - - [27/May/2021:07:27:32 +0000] "GET / HTTP/1.1" 200 15516 "http://localhost:3000/login" "Mozilla/5.0 (X11; Linux x86_64) AppleWebKit/537.36 (KHTML, like Gecko) Chrome/90.0.4430.93 Safari/537.36 OPR/76.0.4017.123"
::1 - - [27/May/2021:07:27:33 +0000] "GET /assets/css/style.css HTTP/1.1" 200 10114 "http://localhost:3000/" "Mozilla/5.0 (X11; Linux x86_64) AppleWebKit/537.36 (KHTML, like Gecko) Chrome/90.0.4430.93 Safari/537.36 OPR/76.0.4017.123"
::1 - - [27/May/2021:07:27:33 +0000] "GET /assets/js/main.js HTTP/1.1" 200 6883 "http://localhost:3000/" "Mozilla/5.0 (X11; Linux x86_64) AppleWebKit/537.36 (KHTML, like Gecko) Chrome/90.0.4430.93 Safari/537.36 OPR/76.0.4017.123"
::1 - - [27/May/2021:07:27:33 +0000] "GET /assets/img/shopware6-certified-template-designer.png HTTP/1.1" 200 65007 "http://localhost:3000/" "Mozilla/5.0 (X11; Linux x86_64) AppleWebKit/537.36 (KHTML, like Gecko) Chrome/90.0.4430.93 Safari/537.36 OPR/76.0.4017.123"
::1 - - [27/May/2021:07:27:51 +0000] "GET / HTTP/1.1" 200 15516 "http://localhost:3000/login" "Mozilla/5.0 (X11; Linux x86_64) AppleWebKit/537.36 (KHTML, like Gecko) Chrome/90.0.4430.93 Safari/537.36 OPR/76.0.4017.123"
::1 - - [27/May/2021:07:27:51 +0000] "GET /assets/css/style.css HTTP/1.1" 200 10114 "http://localhost:3000/" "Mozilla/5.0 (X11; Linux x86_64) AppleWebKit/537.36 (KHTML, like Gecko) Chrome/90.0.4430.93 Safari/537.36 OPR/76.0.4017.123"
::1 - - [27/May/2021:07:27:51 +0000] "GET /assets/js/main.js HTTP/1.1" 200 6890 "http://localhost:3000/" "Mozilla/5.0 (X11; Linux x86_64) AppleWebKit/537.36 (KHTML, like Gecko) Chrome/90.0.4430.93 Safari/537.36 OPR/76.0.4017.123"
::1 - - [27/May/2021:07:27:51 +0000] "GET /assets/img/shopware6-certified-template-designer.png HTTP/1.1" 200 65007 "http://localhost:3000/" "Mozilla/5.0 (X11; Linux x86_64) AppleWebKit/537.36 (KHTML, like Gecko) Chrome/90.0.4430.93 Safari/537.36 OPR/76.0.4017.123"
::1 - - [27/May/2021:07:28:00 +0000] "GET / HTTP/1.1" 200 15516 "http://localhost:3000/login" "Mozilla/5.0 (X11; Linux x86_64) AppleWebKit/537.36 (KHTML, like Gecko) Chrome/90.0.4430.93 Safari/537.36 OPR/76.0.4017.123"
::1 - - [27/May/2021:07:28:00 +0000] "GET /assets/css/style.css HTTP/1.1" 200 10114 "http://localhost:3000/" "Mozilla/5.0 (X11; Linux x86_64) AppleWebKit/537.36 (KHTML, like Gecko) Chrome/90.0.4430.93 Safari/537.36 OPR/76.0.4017.123"
::1 - - [27/May/2021:07:28:00 +0000] "GET /assets/js/main.js HTTP/1.1" 200 6872 "http://localhost:3000/" "Mozilla/5.0 (X11; Linux x86_64) AppleWebKit/537.36 (KHTML, like Gecko) Chrome/90.0.4430.93 Safari/537.36 OPR/76.0.4017.123"
::1 - - [27/May/2021:07:28:00 +0000] "GET /assets/img/shopware6-certified-template-designer.png HTTP/1.1" 200 65007 "http://localhost:3000/" "Mozilla/5.0 (X11; Linux x86_64) AppleWebKit/537.36 (KHTML, like Gecko) Chrome/90.0.4430.93 Safari/537.36 OPR/76.0.4017.123"
::1 - - [27/May/2021:07:28:18 +0000] "GET / HTTP/1.1" 200 15516 "http://localhost:3000/login" "Mozilla/5.0 (X11; Linux x86_64) AppleWebKit/537.36 (KHTML, like Gecko) Chrome/90.0.4430.93 Safari/537.36 OPR/76.0.4017.123"
::1 - - [27/May/2021:07:28:18 +0000] "GET /assets/css/style.css HTTP/1.1" 200 10114 "http://localhost:3000/" "Mozilla/5.0 (X11; Linux x86_64) AppleWebKit/537.36 (KHTML, like Gecko) Chrome/90.0.4430.93 Safari/537.36 OPR/76.0.4017.123"
::1 - - [27/May/2021:07:28:18 +0000] "GET /assets/js/main.js HTTP/1.1" 200 6888 "http://localhost:3000/" "Mozilla/5.0 (X11; Linux x86_64) AppleWebKit/537.36 (KHTML, like Gecko) Chrome/90.0.4430.93 Safari/537.36 OPR/76.0.4017.123"
::1 - - [27/May/2021:07:28:18 +0000] "GET /assets/img/shopware6-certified-template-designer.png HTTP/1.1" 200 65007 "http://localhost:3000/" "Mozilla/5.0 (X11; Linux x86_64) AppleWebKit/537.36 (KHTML, like Gecko) Chrome/90.0.4430.93 Safari/537.36 OPR/76.0.4017.123"
::1 - - [27/May/2021:07:33:07 +0000] "GET / HTTP/1.1" 200 15440 "http://localhost:3000/login" "Mozilla/5.0 (X11; Linux x86_64) AppleWebKit/537.36 (KHTML, like Gecko) Chrome/90.0.4430.93 Safari/537.36 OPR/76.0.4017.123"
::1 - - [27/May/2021:07:33:07 +0000] "GET /assets/css/style.css HTTP/1.1" 200 10114 "http://localhost:3000/" "Mozilla/5.0 (X11; Linux x86_64) AppleWebKit/537.36 (KHTML, like Gecko) Chrome/90.0.4430.93 Safari/537.36 OPR/76.0.4017.123"
::1 - - [27/May/2021:07:33:07 +0000] "GET /assets/js/main.js HTTP/1.1" 200 6806 "http://localhost:3000/" "Mozilla/5.0 (X11; Linux x86_64) AppleWebKit/537.36 (KHTML, like Gecko) Chrome/90.0.4430.93 Safari/537.36 OPR/76.0.4017.123"
::1 - - [27/May/2021:07:33:07 +0000] "GET /assets/img/shopware6-certified-template-designer.png HTTP/1.1" 200 65007 "http://localhost:3000/" "Mozilla/5.0 (X11; Linux x86_64) AppleWebKit/537.36 (KHTML, like Gecko) Chrome/90.0.4430.93 Safari/537.36 OPR/76.0.4017.123"
::1 - - [27/May/2021:07:33:21 +0000] "GET / HTTP/1.1" 200 15560 "http://localhost:3000/login" "Mozilla/5.0 (X11; Linux x86_64) AppleWebKit/537.36 (KHTML, like Gecko) Chrome/90.0.4430.93 Safari/537.36 OPR/76.0.4017.123"
::1 - - [27/May/2021:07:33:21 +0000] "GET /assets/css/style.css HTTP/1.1" 200 10114 "http://localhost:3000/" "Mozilla/5.0 (X11; Linux x86_64) AppleWebKit/537.36 (KHTML, like Gecko) Chrome/90.0.4430.93 Safari/537.36 OPR/76.0.4017.123"
::1 - - [27/May/2021:07:33:21 +0000] "GET /assets/js/main.js HTTP/1.1" 200 6806 "http://localhost:3000/" "Mozilla/5.0 (X11; Linux x86_64) AppleWebKit/537.36 (KHTML, like Gecko) Chrome/90.0.4430.93 Safari/537.36 OPR/76.0.4017.123"
::1 - - [27/May/2021:07:33:21 +0000] "GET /assets/img/shopware6-certified-template-designer.png HTTP/1.1" 200 65007 "http://localhost:3000/" "Mozilla/5.0 (X11; Linux x86_64) AppleWebKit/537.36 (KHTML, like Gecko) Chrome/90.0.4430.93 Safari/537.36 OPR/76.0.4017.123"
::1 - - [27/May/2021:07:33:33 +0000] "GET / HTTP/1.1" 200 15556 "http://localhost:3000/login" "Mozilla/5.0 (X11; Linux x86_64) AppleWebKit/537.36 (KHTML, like Gecko) Chrome/90.0.4430.93 Safari/537.36 OPR/76.0.4017.123"
::1 - - [27/May/2021:07:33:33 +0000] "GET /assets/css/style.css HTTP/1.1" 200 10114 "http://localhost:3000/" "Mozilla/5.0 (X11; Linux x86_64) AppleWebKit/537.36 (KHTML, like Gecko) Chrome/90.0.4430.93 Safari/537.36 OPR/76.0.4017.123"
::1 - - [27/May/2021:07:33:33 +0000] "GET /assets/js/main.js HTTP/1.1" 200 6806 "http://localhost:3000/" "Mozilla/5.0 (X11; Linux x86_64) AppleWebKit/537.36 (KHTML, like Gecko) Chrome/90.0.4430.93 Safari/537.36 OPR/76.0.4017.123"
::1 - - [27/May/2021:07:33:33 +0000] "GET /assets/img/shopware6-certified-template-designer.png HTTP/1.1" 200 65007 "http://localhost:3000/" "Mozilla/5.0 (X11; Linux x86_64) AppleWebKit/537.36 (KHTML, like Gecko) Chrome/90.0.4430.93 Safari/537.36 OPR/76.0.4017.123"
::1 - - [27/May/2021:07:33:47 +0000] "GET / HTTP/1.1" 200 15552 "http://localhost:3000/login" "Mozilla/5.0 (X11; Linux x86_64) AppleWebKit/537.36 (KHTML, like Gecko) Chrome/90.0.4430.93 Safari/537.36 OPR/76.0.4017.123"
::1 - - [27/May/2021:07:33:47 +0000] "GET /assets/css/style.css HTTP/1.1" 200 10114 "http://localhost:3000/" "Mozilla/5.0 (X11; Linux x86_64) AppleWebKit/537.36 (KHTML, like Gecko) Chrome/90.0.4430.93 Safari/537.36 OPR/76.0.4017.123"
::1 - - [27/May/2021:07:33:47 +0000] "GET /assets/js/main.js HTTP/1.1" 200 6806 "http://localhost:3000/" "Mozilla/5.0 (X11; Linux x86_64) AppleWebKit/537.36 (KHTML, like Gecko) Chrome/90.0.4430.93 Safari/537.36 OPR/76.0.4017.123"
::1 - - [27/May/2021:07:33:47 +0000] "GET /assets/img/shopware6-certified-template-designer.png HTTP/1.1" 200 65007 "http://localhost:3000/" "Mozilla/5.0 (X11; Linux x86_64) AppleWebKit/537.36 (KHTML, like Gecko) Chrome/90.0.4430.93 Safari/537.36 OPR/76.0.4017.123"
::1 - - [27/May/2021:07:33:56 +0000] "GET / HTTP/1.1" 200 15552 "http://localhost:3000/login" "Mozilla/5.0 (X11; Linux x86_64) AppleWebKit/537.36 (KHTML, like Gecko) Chrome/90.0.4430.93 Safari/537.36 OPR/76.0.4017.123"
::1 - - [27/May/2021:07:33:56 +0000] "GET /assets/css/style.css HTTP/1.1" 200 10114 "http://localhost:3000/" "Mozilla/5.0 (X11; Linux x86_64) AppleWebKit/537.36 (KHTML, like Gecko) Chrome/90.0.4430.93 Safari/537.36 OPR/76.0.4017.123"
::1 - - [27/May/2021:07:33:56 +0000] "GET /assets/js/main.js HTTP/1.1" 200 6806 "http://localhost:3000/" "Mozilla/5.0 (X11; Linux x86_64) AppleWebKit/537.36 (KHTML, like Gecko) Chrome/90.0.4430.93 Safari/537.36 OPR/76.0.4017.123"
::1 - - [27/May/2021:07:33:56 +0000] "GET /assets/img/shopware6-certified-template-designer.png HTTP/1.1" 200 65007 "http://localhost:3000/" "Mozilla/5.0 (X11; Linux x86_64) AppleWebKit/537.36 (KHTML, like Gecko) Chrome/90.0.4430.93 Safari/537.36 OPR/76.0.4017.123"
::1 - - [27/May/2021:07:40:37 +0000] "GET / HTTP/1.1" 200 15781 "http://localhost:3000/login" "Mozilla/5.0 (X11; Linux x86_64) AppleWebKit/537.36 (KHTML, like Gecko) Chrome/90.0.4430.93 Safari/537.36 OPR/76.0.4017.123"
::1 - - [27/May/2021:07:40:37 +0000] "GET /assets/css/style.css HTTP/1.1" 200 10375 "http://localhost:3000/" "Mozilla/5.0 (X11; Linux x86_64) AppleWebKit/537.36 (KHTML, like Gecko) Chrome/90.0.4430.93 Safari/537.36 OPR/76.0.4017.123"
::1 - - [27/May/2021:07:40:37 +0000] "GET /assets/js/main.js HTTP/1.1" 200 6806 "http://localhost:3000/" "Mozilla/5.0 (X11; Linux x86_64) AppleWebKit/537.36 (KHTML, like Gecko) Chrome/90.0.4430.93 Safari/537.36 OPR/76.0.4017.123"
::1 - - [27/May/2021:07:40:37 +0000] "GET /assets/img/shopware6-certified-template-designer.png HTTP/1.1" 200 65007 "http://localhost:3000/" "Mozilla/5.0 (X11; Linux x86_64) AppleWebKit/537.36 (KHTML, like Gecko) Chrome/90.0.4430.93 Safari/537.36 OPR/76.0.4017.123"
::1 - - [27/May/2021:07:41:07 +0000] "GET / HTTP/1.1" 200 15781 "http://localhost:3000/login" "Mozilla/5.0 (X11; Linux x86_64) AppleWebKit/537.36 (KHTML, like Gecko) Chrome/90.0.4430.93 Safari/537.36 OPR/76.0.4017.123"
::1 - - [27/May/2021:07:41:07 +0000] "GET /assets/css/style.css HTTP/1.1" 200 10456 "http://localhost:3000/" "Mozilla/5.0 (X11; Linux x86_64) AppleWebKit/537.36 (KHTML, like Gecko) Chrome/90.0.4430.93 Safari/537.36 OPR/76.0.4017.123"
::1 - - [27/May/2021:07:41:07 +0000] "GET /assets/js/main.js HTTP/1.1" 200 6806 "http://localhost:3000/" "Mozilla/5.0 (X11; Linux x86_64) AppleWebKit/537.36 (KHTML, like Gecko) Chrome/90.0.4430.93 Safari/537.36 OPR/76.0.4017.123"
::1 - - [27/May/2021:07:41:07 +0000] "GET /assets/img/shopware6-certified-template-designer.png HTTP/1.1" 200 65007 "http://localhost:3000/" "Mozilla/5.0 (X11; Linux x86_64) AppleWebKit/537.36 (KHTML, like Gecko) Chrome/90.0.4430.93 Safari/537.36 OPR/76.0.4017.123"
::1 - - [27/May/2021:07:41:19 +0000] "GET / HTTP/1.1" 200 15781 "http://localhost:3000/login" "Mozilla/5.0 (X11; Linux x86_64) AppleWebKit/537.36 (KHTML, like Gecko) Chrome/90.0.4430.93 Safari/537.36 OPR/76.0.4017.123"
::1 - - [27/May/2021:07:41:19 +0000] "GET /assets/css/style.css HTTP/1.1" 200 10453 "http://localhost:3000/" "Mozilla/5.0 (X11; Linux x86_64) AppleWebKit/537.36 (KHTML, like Gecko) Chrome/90.0.4430.93 Safari/537.36 OPR/76.0.4017.123"
::1 - - [27/May/2021:07:41:19 +0000] "GET /assets/js/main.js HTTP/1.1" 200 6806 "http://localhost:3000/" "Mozilla/5.0 (X11; Linux x86_64) AppleWebKit/537.36 (KHTML, like Gecko) Chrome/90.0.4430.93 Safari/537.36 OPR/76.0.4017.123"
::1 - - [27/May/2021:07:41:19 +0000] "GET /assets/img/shopware6-certified-template-designer.png HTTP/1.1" 200 65007 "http://localhost:3000/" "Mozilla/5.0 (X11; Linux x86_64) AppleWebKit/537.36 (KHTML, like Gecko) Chrome/90.0.4430.93 Safari/537.36 OPR/76.0.4017.123"
::1 - - [27/May/2021:07:41:45 +0000] "GET / HTTP/1.1" 200 15781 "http://localhost:3000/login" "Mozilla/5.0 (X11; Linux x86_64) AppleWebKit/537.36 (KHTML, like Gecko) Chrome/90.0.4430.93 Safari/537.36 OPR/76.0.4017.123"
::1 - - [27/May/2021:07:41:46 +0000] "GET /assets/css/style.css HTTP/1.1" 200 10471 "http://localhost:3000/" "Mozilla/5.0 (X11; Linux x86_64) AppleWebKit/537.36 (KHTML, like Gecko) Chrome/90.0.4430.93 Safari/537.36 OPR/76.0.4017.123"
::1 - - [27/May/2021:07:41:46 +0000] "GET /assets/js/main.js HTTP/1.1" 200 6806 "http://localhost:3000/" "Mozilla/5.0 (X11; Linux x86_64) AppleWebKit/537.36 (KHTML, like Gecko) Chrome/90.0.4430.93 Safari/537.36 OPR/76.0.4017.123"
::1 - - [27/May/2021:07:41:46 +0000] "GET /assets/img/shopware6-certified-template-designer.png HTTP/1.1" 200 65007 "http://localhost:3000/" "Mozilla/5.0 (X11; Linux x86_64) AppleWebKit/537.36 (KHTML, like Gecko) Chrome/90.0.4430.93 Safari/537.36 OPR/76.0.4017.123"
::1 - - [27/May/2021:07:42:17 +0000] "GET / HTTP/1.1" 200 15781 "http://localhost:3000/login" "Mozilla/5.0 (X11; Linux x86_64) AppleWebKit/537.36 (KHTML, like Gecko) Chrome/90.0.4430.93 Safari/537.36 OPR/76.0.4017.123"
::1 - - [27/May/2021:07:42:17 +0000] "GET /assets/css/style.css HTTP/1.1" 200 10523 "http://localhost:3000/" "Mozilla/5.0 (X11; Linux x86_64) AppleWebKit/537.36 (KHTML, like Gecko) Chrome/90.0.4430.93 Safari/537.36 OPR/76.0.4017.123"
::1 - - [27/May/2021:07:42:17 +0000] "GET /assets/js/main.js HTTP/1.1" 200 6806 "http://localhost:3000/" "Mozilla/5.0 (X11; Linux x86_64) AppleWebKit/537.36 (KHTML, like Gecko) Chrome/90.0.4430.93 Safari/537.36 OPR/76.0.4017.123"
::1 - - [27/May/2021:07:42:17 +0000] "GET /assets/img/shopware6-certified-template-designer.png HTTP/1.1" 200 65007 "http://localhost:3000/" "Mozilla/5.0 (X11; Linux x86_64) AppleWebKit/537.36 (KHTML, like Gecko) Chrome/90.0.4430.93 Safari/537.36 OPR/76.0.4017.123"
::1 - - [27/May/2021:07:42:28 +0000] "GET / HTTP/1.1" 200 15781 "http://localhost:3000/login" "Mozilla/5.0 (X11; Linux x86_64) AppleWebKit/537.36 (KHTML, like Gecko) Chrome/90.0.4430.93 Safari/537.36 OPR/76.0.4017.123"
::1 - - [27/May/2021:07:42:28 +0000] "GET /assets/css/style.css HTTP/1.1" 200 10523 "http://localhost:3000/" "Mozilla/5.0 (X11; Linux x86_64) AppleWebKit/537.36 (KHTML, like Gecko) Chrome/90.0.4430.93 Safari/537.36 OPR/76.0.4017.123"
::1 - - [27/May/2021:07:42:28 +0000] "GET /assets/js/main.js HTTP/1.1" 200 6806 "http://localhost:3000/" "Mozilla/5.0 (X11; Linux x86_64) AppleWebKit/537.36 (KHTML, like Gecko) Chrome/90.0.4430.93 Safari/537.36 OPR/76.0.4017.123"
::1 - - [27/May/2021:07:42:28 +0000] "GET /assets/img/shopware6-certified-template-designer.png HTTP/1.1" 200 65007 "http://localhost:3000/" "Mozilla/5.0 (X11; Linux x86_64) AppleWebKit/537.36 (KHTML, like Gecko) Chrome/90.0.4430.93 Safari/537.36 OPR/76.0.4017.123"
::1 - - [27/May/2021:07:42:46 +0000] "GET / HTTP/1.1" 200 15781 "http://localhost:3000/login" "Mozilla/5.0 (X11; Linux x86_64) AppleWebKit/537.36 (KHTML, like Gecko) Chrome/90.0.4430.93 Safari/537.36 OPR/76.0.4017.123"
::1 - - [27/May/2021:07:42:46 +0000] "GET /assets/css/style.css HTTP/1.1" 200 10522 "http://localhost:3000/" "Mozilla/5.0 (X11; Linux x86_64) AppleWebKit/537.36 (KHTML, like Gecko) Chrome/90.0.4430.93 Safari/537.36 OPR/76.0.4017.123"
::1 - - [27/May/2021:07:42:46 +0000] "GET /assets/js/main.js HTTP/1.1" 200 6806 "http://localhost:3000/" "Mozilla/5.0 (X11; Linux x86_64) AppleWebKit/537.36 (KHTML, like Gecko) Chrome/90.0.4430.93 Safari/537.36 OPR/76.0.4017.123"
::1 - - [27/May/2021:07:42:46 +0000] "GET /assets/img/shopware6-certified-template-designer.png HTTP/1.1" 200 65007 "http://localhost:3000/" "Mozilla/5.0 (X11; Linux x86_64) AppleWebKit/537.36 (KHTML, like Gecko) Chrome/90.0.4430.93 Safari/537.36 OPR/76.0.4017.123"
::1 - - [27/May/2021:07:42:57 +0000] "GET / HTTP/1.1" 200 15781 "http://localhost:3000/login" "Mozilla/5.0 (X11; Linux x86_64) AppleWebKit/537.36 (KHTML, like Gecko) Chrome/90.0.4430.93 Safari/537.36 OPR/76.0.4017.123"
::1 - - [27/May/2021:07:42:57 +0000] "GET /assets/css/style.css HTTP/1.1" 200 10544 "http://localhost:3000/" "Mozilla/5.0 (X11; Linux x86_64) AppleWebKit/537.36 (KHTML, like Gecko) Chrome/90.0.4430.93 Safari/537.36 OPR/76.0.4017.123"
::1 - - [27/May/2021:07:42:57 +0000] "GET /assets/js/main.js HTTP/1.1" 200 6806 "http://localhost:3000/" "Mozilla/5.0 (X11; Linux x86_64) AppleWebKit/537.36 (KHTML, like Gecko) Chrome/90.0.4430.93 Safari/537.36 OPR/76.0.4017.123"
::1 - - [27/May/2021:07:42:57 +0000] "GET /assets/img/shopware6-certified-template-designer.png HTTP/1.1" 200 65007 "http://localhost:3000/" "Mozilla/5.0 (X11; Linux x86_64) AppleWebKit/537.36 (KHTML, like Gecko) Chrome/90.0.4430.93 Safari/537.36 OPR/76.0.4017.123"
::1 - - [27/May/2021:07:43:13 +0000] "GET / HTTP/1.1" 200 15781 "http://localhost:3000/login" "Mozilla/5.0 (X11; Linux x86_64) AppleWebKit/537.36 (KHTML, like Gecko) Chrome/90.0.4430.93 Safari/537.36 OPR/76.0.4017.123"
::1 - - [27/May/2021:07:43:13 +0000] "GET /assets/css/style.css HTTP/1.1" 200 10546 "http://localhost:3000/" "Mozilla/5.0 (X11; Linux x86_64) AppleWebKit/537.36 (KHTML, like Gecko) Chrome/90.0.4430.93 Safari/537.36 OPR/76.0.4017.123"
::1 - - [27/May/2021:07:43:13 +0000] "GET /assets/js/main.js HTTP/1.1" 200 6806 "http://localhost:3000/" "Mozilla/5.0 (X11; Linux x86_64) AppleWebKit/537.36 (KHTML, like Gecko) Chrome/90.0.4430.93 Safari/537.36 OPR/76.0.4017.123"
::1 - - [27/May/2021:07:43:13 +0000] "GET /assets/img/shopware6-certified-template-designer.png HTTP/1.1" 200 65007 "http://localhost:3000/" "Mozilla/5.0 (X11; Linux x86_64) AppleWebKit/537.36 (KHTML, like Gecko) Chrome/90.0.4430.93 Safari/537.36 OPR/76.0.4017.123"
::1 - - [27/May/2021:07:43:22 +0000] "GET / HTTP/1.1" 200 15781 "http://localhost:3000/login" "Mozilla/5.0 (X11; Linux x86_64) AppleWebKit/537.36 (KHTML, like Gecko) Chrome/90.0.4430.93 Safari/537.36 OPR/76.0.4017.123"
::1 - - [27/May/2021:07:43:22 +0000] "GET /assets/css/style.css HTTP/1.1" 200 10546 "http://localhost:3000/" "Mozilla/5.0 (X11; Linux x86_64) AppleWebKit/537.36 (KHTML, like Gecko) Chrome/90.0.4430.93 Safari/537.36 OPR/76.0.4017.123"
::1 - - [27/May/2021:07:43:22 +0000] "GET /assets/js/main.js HTTP/1.1" 200 6806 "http://localhost:3000/" "Mozilla/5.0 (X11; Linux x86_64) AppleWebKit/537.36 (KHTML, like Gecko) Chrome/90.0.4430.93 Safari/537.36 OPR/76.0.4017.123"
::1 - - [27/May/2021:07:43:22 +0000] "GET /assets/img/shopware6-certified-template-designer.png HTTP/1.1" 200 65007 "http://localhost:3000/" "Mozilla/5.0 (X11; Linux x86_64) AppleWebKit/537.36 (KHTML, like Gecko) Chrome/90.0.4430.93 Safari/537.36 OPR/76.0.4017.123"
::1 - - [27/May/2021:07:43:34 +0000] "GET / HTTP/1.1" 200 15781 "http://localhost:3000/login" "Mozilla/5.0 (X11; Linux x86_64) AppleWebKit/537.36 (KHTML, like Gecko) Chrome/90.0.4430.93 Safari/537.36 OPR/76.0.4017.123"
::1 - - [27/May/2021:07:43:34 +0000] "GET /assets/css/style.css HTTP/1.1" 200 10574 "http://localhost:3000/" "Mozilla/5.0 (X11; Linux x86_64) AppleWebKit/537.36 (KHTML, like Gecko) Chrome/90.0.4430.93 Safari/537.36 OPR/76.0.4017.123"
::1 - - [27/May/2021:07:43:34 +0000] "GET /assets/js/main.js HTTP/1.1" 200 6806 "http://localhost:3000/" "Mozilla/5.0 (X11; Linux x86_64) AppleWebKit/537.36 (KHTML, like Gecko) Chrome/90.0.4430.93 Safari/537.36 OPR/76.0.4017.123"
::1 - - [27/May/2021:07:43:34 +0000] "GET /assets/img/shopware6-certified-template-designer.png HTTP/1.1" 200 65007 "http://localhost:3000/" "Mozilla/5.0 (X11; Linux x86_64) AppleWebKit/537.36 (KHTML, like Gecko) Chrome/90.0.4430.93 Safari/537.36 OPR/76.0.4017.123"
::1 - - [27/May/2021:07:43:53 +0000] "GET / HTTP/1.1" 200 15781 "http://localhost:3000/login" "Mozilla/5.0 (X11; Linux x86_64) AppleWebKit/537.36 (KHTML, like Gecko) Chrome/90.0.4430.93 Safari/537.36 OPR/76.0.4017.123"
::1 - - [27/May/2021:07:43:53 +0000] "GET /assets/css/style.css HTTP/1.1" 200 10585 "http://localhost:3000/" "Mozilla/5.0 (X11; Linux x86_64) AppleWebKit/537.36 (KHTML, like Gecko) Chrome/90.0.4430.93 Safari/537.36 OPR/76.0.4017.123"
::1 - - [27/May/2021:07:43:53 +0000] "GET /assets/js/main.js HTTP/1.1" 200 6806 "http://localhost:3000/" "Mozilla/5.0 (X11; Linux x86_64) AppleWebKit/537.36 (KHTML, like Gecko) Chrome/90.0.4430.93 Safari/537.36 OPR/76.0.4017.123"
::1 - - [27/May/2021:07:43:53 +0000] "GET /assets/img/shopware6-certified-template-designer.png HTTP/1.1" 200 65007 "http://localhost:3000/" "Mozilla/5.0 (X11; Linux x86_64) AppleWebKit/537.36 (KHTML, like Gecko) Chrome/90.0.4430.93 Safari/537.36 OPR/76.0.4017.123"
::1 - - [27/May/2021:07:44:07 +0000] "GET / HTTP/1.1" 200 15781 "http://localhost:3000/login" "Mozilla/5.0 (X11; Linux x86_64) AppleWebKit/537.36 (KHTML, like Gecko) Chrome/90.0.4430.93 Safari/537.36 OPR/76.0.4017.123"
::1 - - [27/May/2021:07:44:07 +0000] "GET /assets/css/style.css HTTP/1.1" 200 10585 "http://localhost:3000/" "Mozilla/5.0 (X11; Linux x86_64) AppleWebKit/537.36 (KHTML, like Gecko) Chrome/90.0.4430.93 Safari/537.36 OPR/76.0.4017.123"
::1 - - [27/May/2021:07:44:07 +0000] "GET /assets/js/main.js HTTP/1.1" 200 6806 "http://localhost:3000/" "Mozilla/5.0 (X11; Linux x86_64) AppleWebKit/537.36 (KHTML, like Gecko) Chrome/90.0.4430.93 Safari/537.36 OPR/76.0.4017.123"
::1 - - [27/May/2021:07:44:07 +0000] "GET /assets/img/shopware6-certified-template-designer.png HTTP/1.1" 200 65007 "http://localhost:3000/" "Mozilla/5.0 (X11; Linux x86_64) AppleWebKit/537.36 (KHTML, like Gecko) Chrome/90.0.4430.93 Safari/537.36 OPR/76.0.4017.123"
::1 - - [27/May/2021:07:44:26 +0000] "GET / HTTP/1.1" 200 15781 "http://localhost:3000/login" "Mozilla/5.0 (X11; Linux x86_64) AppleWebKit/537.36 (KHTML, like Gecko) Chrome/90.0.4430.93 Safari/537.36 OPR/76.0.4017.123"
::1 - - [27/May/2021:07:44:26 +0000] "GET /assets/css/style.css HTTP/1.1" 200 10616 "http://localhost:3000/" "Mozilla/5.0 (X11; Linux x86_64) AppleWebKit/537.36 (KHTML, like Gecko) Chrome/90.0.4430.93 Safari/537.36 OPR/76.0.4017.123"
::1 - - [27/May/2021:07:44:26 +0000] "GET /assets/js/main.js HTTP/1.1" 200 6806 "http://localhost:3000/" "Mozilla/5.0 (X11; Linux x86_64) AppleWebKit/537.36 (KHTML, like Gecko) Chrome/90.0.4430.93 Safari/537.36 OPR/76.0.4017.123"
::1 - - [27/May/2021:07:44:26 +0000] "GET /assets/img/shopware6-certified-template-designer.png HTTP/1.1" 200 65007 "http://localhost:3000/" "Mozilla/5.0 (X11; Linux x86_64) AppleWebKit/537.36 (KHTML, like Gecko) Chrome/90.0.4430.93 Safari/537.36 OPR/76.0.4017.123"
::1 - - [27/May/2021:07:44:34 +0000] "GET / HTTP/1.1" 200 15781 "http://localhost:3000/login" "Mozilla/5.0 (X11; Linux x86_64) AppleWebKit/537.36 (KHTML, like Gecko) Chrome/90.0.4430.93 Safari/537.36 OPR/76.0.4017.123"
::1 - - [27/May/2021:07:44:34 +0000] "GET /assets/css/style.css HTTP/1.1" 200 10627 "http://localhost:3000/" "Mozilla/5.0 (X11; Linux x86_64) AppleWebKit/537.36 (KHTML, like Gecko) Chrome/90.0.4430.93 Safari/537.36 OPR/76.0.4017.123"
::1 - - [27/May/2021:07:44:34 +0000] "GET /assets/js/main.js HTTP/1.1" 200 6806 "http://localhost:3000/" "Mozilla/5.0 (X11; Linux x86_64) AppleWebKit/537.36 (KHTML, like Gecko) Chrome/90.0.4430.93 Safari/537.36 OPR/76.0.4017.123"
::1 - - [27/May/2021:07:44:34 +0000] "GET /assets/img/shopware6-certified-template-designer.png HTTP/1.1" 200 65007 "http://localhost:3000/" "Mozilla/5.0 (X11; Linux x86_64) AppleWebKit/537.36 (KHTML, like Gecko) Chrome/90.0.4430.93 Safari/537.36 OPR/76.0.4017.123"
::1 - - [27/May/2021:07:44:47 +0000] "GET / HTTP/1.1" 200 15781 "http://localhost:3000/login" "Mozilla/5.0 (X11; Linux x86_64) AppleWebKit/537.36 (KHTML, like Gecko) Chrome/90.0.4430.93 Safari/537.36 OPR/76.0.4017.123"
::1 - - [27/May/2021:07:44:47 +0000] "GET /assets/css/style.css HTTP/1.1" 200 10680 "http://localhost:3000/" "Mozilla/5.0 (X11; Linux x86_64) AppleWebKit/537.36 (KHTML, like Gecko) Chrome/90.0.4430.93 Safari/537.36 OPR/76.0.4017.123"
::1 - - [27/May/2021:07:44:47 +0000] "GET /assets/js/main.js HTTP/1.1" 200 6806 "http://localhost:3000/" "Mozilla/5.0 (X11; Linux x86_64) AppleWebKit/537.36 (KHTML, like Gecko) Chrome/90.0.4430.93 Safari/537.36 OPR/76.0.4017.123"
::1 - - [27/May/2021:07:44:47 +0000] "GET /assets/img/shopware6-certified-template-designer.png HTTP/1.1" 200 65007 "http://localhost:3000/" "Mozilla/5.0 (X11; Linux x86_64) AppleWebKit/537.36 (KHTML, like Gecko) Chrome/90.0.4430.93 Safari/537.36 OPR/76.0.4017.123"
::1 - - [27/May/2021:07:45:02 +0000] "GET / HTTP/1.1" 200 15781 "http://localhost:3000/login" "Mozilla/5.0 (X11; Linux x86_64) AppleWebKit/537.36 (KHTML, like Gecko) Chrome/90.0.4430.93 Safari/537.36 OPR/76.0.4017.123"
::1 - - [27/May/2021:07:45:02 +0000] "GET /assets/css/style.css HTTP/1.1" 200 10737 "http://localhost:3000/" "Mozilla/5.0 (X11; Linux x86_64) AppleWebKit/537.36 (KHTML, like Gecko) Chrome/90.0.4430.93 Safari/537.36 OPR/76.0.4017.123"
::1 - - [27/May/2021:07:45:02 +0000] "GET /assets/js/main.js HTTP/1.1" 200 6806 "http://localhost:3000/" "Mozilla/5.0 (X11; Linux x86_64) AppleWebKit/537.36 (KHTML, like Gecko) Chrome/90.0.4430.93 Safari/537.36 OPR/76.0.4017.123"
::1 - - [27/May/2021:07:45:02 +0000] "GET /assets/img/shopware6-certified-template-designer.png HTTP/1.1" 200 65007 "http://localhost:3000/" "Mozilla/5.0 (X11; Linux x86_64) AppleWebKit/537.36 (KHTML, like Gecko) Chrome/90.0.4430.93 Safari/537.36 OPR/76.0.4017.123"
::1 - - [27/May/2021:07:45:07 +0000] "GET / HTTP/1.1" 200 15781 "http://localhost:3000/login" "Mozilla/5.0 (X11; Linux x86_64) AppleWebKit/537.36 (KHTML, like Gecko) Chrome/90.0.4430.93 Safari/537.36 OPR/76.0.4017.123"
::1 - - [27/May/2021:07:45:07 +0000] "GET /assets/css/style.css HTTP/1.1" 200 10738 "http://localhost:3000/" "Mozilla/5.0 (X11; Linux x86_64) AppleWebKit/537.36 (KHTML, like Gecko) Chrome/90.0.4430.93 Safari/537.36 OPR/76.0.4017.123"
::1 - - [27/May/2021:07:45:07 +0000] "GET /assets/js/main.js HTTP/1.1" 200 6806 "http://localhost:3000/" "Mozilla/5.0 (X11; Linux x86_64) AppleWebKit/537.36 (KHTML, like Gecko) Chrome/90.0.4430.93 Safari/537.36 OPR/76.0.4017.123"
::1 - - [27/May/2021:07:45:07 +0000] "GET /assets/img/shopware6-certified-template-designer.png HTTP/1.1" 200 65007 "http://localhost:3000/" "Mozilla/5.0 (X11; Linux x86_64) AppleWebKit/537.36 (KHTML, like Gecko) Chrome/90.0.4430.93 Safari/537.36 OPR/76.0.4017.123"
::1 - - [27/May/2021:07:45:57 +0000] "GET / HTTP/1.1" 200 15781 "http://localhost:3000/login" "Mozilla/5.0 (X11; Linux x86_64) AppleWebKit/537.36 (KHTML, like Gecko) Chrome/90.0.4430.93 Safari/537.36 OPR/76.0.4017.123"
::1 - - [27/May/2021:07:45:57 +0000] "GET /assets/css/style.css HTTP/1.1" 200 10813 "http://localhost:3000/" "Mozilla/5.0 (X11; Linux x86_64) AppleWebKit/537.36 (KHTML, like Gecko) Chrome/90.0.4430.93 Safari/537.36 OPR/76.0.4017.123"
::1 - - [27/May/2021:07:45:57 +0000] "GET /assets/js/main.js HTTP/1.1" 200 6806 "http://localhost:3000/" "Mozilla/5.0 (X11; Linux x86_64) AppleWebKit/537.36 (KHTML, like Gecko) Chrome/90.0.4430.93 Safari/537.36 OPR/76.0.4017.123"
::1 - - [27/May/2021:07:45:57 +0000] "GET /assets/img/shopware6-certified-template-designer.png HTTP/1.1" 200 65007 "http://localhost:3000/" "Mozilla/5.0 (X11; Linux x86_64) AppleWebKit/537.36 (KHTML, like Gecko) Chrome/90.0.4430.93 Safari/537.36 OPR/76.0.4017.123"
::1 - - [27/May/2021:07:46:33 +0000] "GET / HTTP/1.1" 200 15781 "http://localhost:3000/login" "Mozilla/5.0 (X11; Linux x86_64) AppleWebKit/537.36 (KHTML, like Gecko) Chrome/90.0.4430.93 Safari/537.36 OPR/76.0.4017.123"
::1 - - [27/May/2021:07:46:33 +0000] "GET /assets/css/style.css HTTP/1.1" 200 10836 "http://localhost:3000/" "Mozilla/5.0 (X11; Linux x86_64) AppleWebKit/537.36 (KHTML, like Gecko) Chrome/90.0.4430.93 Safari/537.36 OPR/76.0.4017.123"
::1 - - [27/May/2021:07:46:33 +0000] "GET /assets/js/main.js HTTP/1.1" 200 6806 "http://localhost:3000/" "Mozilla/5.0 (X11; Linux x86_64) AppleWebKit/537.36 (KHTML, like Gecko) Chrome/90.0.4430.93 Safari/537.36 OPR/76.0.4017.123"
::1 - - [27/May/2021:07:46:34 +0000] "GET /assets/img/shopware6-certified-template-designer.png HTTP/1.1" 200 65007 "http://localhost:3000/" "Mozilla/5.0 (X11; Linux x86_64) AppleWebKit/537.36 (KHTML, like Gecko) Chrome/90.0.4430.93 Safari/537.36 OPR/76.0.4017.123"
::1 - - [27/May/2021:07:50:47 +0000] "GET / HTTP/1.1" 200 15787 "http://localhost:3000/login" "Mozilla/5.0 (X11; Linux x86_64) AppleWebKit/537.36 (KHTML, like Gecko) Chrome/90.0.4430.93 Safari/537.36 OPR/76.0.4017.123"
::1 - - [27/May/2021:07:50:47 +0000] "GET /assets/css/style.css HTTP/1.1" 200 10846 "http://localhost:3000/" "Mozilla/5.0 (X11; Linux x86_64) AppleWebKit/537.36 (KHTML, like Gecko) Chrome/90.0.4430.93 Safari/537.36 OPR/76.0.4017.123"
::1 - - [27/May/2021:07:50:47 +0000] "GET /assets/js/main.js HTTP/1.1" 200 6806 "http://localhost:3000/" "Mozilla/5.0 (X11; Linux x86_64) AppleWebKit/537.36 (KHTML, like Gecko) Chrome/90.0.4430.93 Safari/537.36 OPR/76.0.4017.123"
::1 - - [27/May/2021:07:50:47 +0000] "GET /assets/img/shopware6-certified-template-designer.png HTTP/1.1" 200 65007 "http://localhost:3000/" "Mozilla/5.0 (X11; Linux x86_64) AppleWebKit/537.36 (KHTML, like Gecko) Chrome/90.0.4430.93 Safari/537.36 OPR/76.0.4017.123"
::1 - - [27/May/2021:07:51:08 +0000] "GET / HTTP/1.1" 200 15787 "http://localhost:3000/login" "Mozilla/5.0 (X11; Linux x86_64) AppleWebKit/537.36 (KHTML, like Gecko) Chrome/90.0.4430.93 Safari/537.36 OPR/76.0.4017.123"
::1 - - [27/May/2021:07:51:08 +0000] "GET /assets/css/style.css HTTP/1.1" 200 10846 "http://localhost:3000/" "Mozilla/5.0 (X11; Linux x86_64) AppleWebKit/537.36 (KHTML, like Gecko) Chrome/90.0.4430.93 Safari/537.36 OPR/76.0.4017.123"
::1 - - [27/May/2021:07:51:08 +0000] "GET /assets/js/main.js HTTP/1.1" 200 6806 "http://localhost:3000/" "Mozilla/5.0 (X11; Linux x86_64) AppleWebKit/537.36 (KHTML, like Gecko) Chrome/90.0.4430.93 Safari/537.36 OPR/76.0.4017.123"
::1 - - [27/May/2021:07:51:08 +0000] "GET /assets/img/shopware6-certified-template-designer.png HTTP/1.1" 200 65007 "http://localhost:3000/" "Mozilla/5.0 (X11; Linux x86_64) AppleWebKit/537.36 (KHTML, like Gecko) Chrome/90.0.4430.93 Safari/537.36 OPR/76.0.4017.123"
